2021-09-14T04:39:14.3786064-07:00;VSTestExecutionThread;Info;SpecFlow+Runner execution started
2021-09-14T04:39:14.3787957-07:00;VSTestExecutionThread;Info;SpecFlow+Runner 3.9.7 in Framework netcore31 in x64 mode execution started
2021-09-14T04:39:14.3788002-07:00;VSTestExecutionThread;Info;TestAdapter Location: C:\Users\Yash\Documents\Projects\SeleniumSpecFlow\SeleniumSpecFlow\SeleniumCSharpSpecflowProject\bin\Debug\netcoreapp3.1\TechTalk.SpecRun.VisualStudio.TestAdapter.dll
2021-09-14T04:39:14.3803749-07:00;VSTestExecutionThread;Info;Current UserName: 'Yash', MachineName: 'DESKTOP-HBFE069'
2021-09-14T04:39:14.5103256-07:00;VSTestExecutionThread;Info;SpecRun: running tests in C:\Users\Yash\Documents\Projects\SeleniumSpecFlow\SeleniumSpecFlow\SeleniumCSharpSpecflowProject\bin\Debug\netcoreapp3.1\SeleniumCSharpSpecflowProject.dll
2021-09-14T04:39:14.5106507-07:00;VSTestExecutionThread;Info;Output folder configured to "C:\Users\Yash\Documents\Projects\SeleniumSpecFlow\SeleniumSpecFlow\TestResults" (default)
2021-09-14T04:39:14.5107341-07:00;VSTestExecutionThread;Info;Profile: SpecflowProjectReport
2021-09-14T04:39:14.5376270-07:00;VSTestExecutionThread;Info;Log file path: C:\Users\Yash\Documents\Projects\SeleniumSpecFlow\SeleniumSpecFlow\TestResults\SpecflowProjectReport_SpecflowProjectReport_2021-09-14T043914.log
2021-09-14T04:39:14.5423488-07:00;Thread#12;Info;Checking activation
2021-09-14T04:39:14.6196064-07:00;Thread#12;Info;Activated.
2021-09-14T04:39:14.6198093-07:00;Thread#12;Info;Activation check completed
2021-09-14T04:39:14.6198843-07:00;Thread#12;Info;Starting test run
2021-09-14T04:39:14.6899743-07:00;Thread#12;Info;Discovering target: Default
2021-09-14T04:39:14.6901971-07:00;Thread#12;Info;Discovering tests from assembly: C:\Users\Yash\Documents\Projects\SeleniumSpecFlow\SeleniumSpecFlow\SeleniumCSharpSpecflowProject\bin\Debug\netcoreapp3.1\SeleniumCSharpSpecflowProject.dll
2021-09-14T04:39:14.8066132-07:00;Thread#12;Info;Discovered tests from assembly: C:\Users\Yash\Documents\Projects\SeleniumSpecFlow\SeleniumSpecFlow\SeleniumCSharpSpecflowProject\bin\Debug\netcoreapp3.1\SeleniumCSharpSpecflowProject.dll
2021-09-14T04:39:14.8103021-07:00:Test Suite Dump
2021-09-14T04:39:14.8154216-07:00:#0: SpecflowProjectReport/SpecflowProjectReport - 
2021-09-14T04:39:14.8155896-07:00:#1: Default - 
2021-09-14T04:39:14.8156189-07:00:#2: SeleniumCSharpSpecflowProject - 
2021-09-14T04:39:14.8156346-07:00:#3: DemoQa - 
2021-09-14T04:39:14.8188717-07:00:#4: Launch application and Create user and validate the user is create successfully - TestAssembly:SeleniumCSharpSpecflowProject/Feature:DemoQa/Scenario:Launch+application+and+Create+user+and+validate+the+user+is+create+successfully
2021-09-14T04:39:14.8189859-07:00:#5: Login to the application with the newly created user and validate login successful - TestAssembly:SeleniumCSharpSpecflowProject/Feature:DemoQa/Scenario:Login+to+the+application+with+the+newly+created+user+and+validate+login+successful
2021-09-14T04:39:14.8190794-07:00:End: Test Suite Dump
2021-09-14T04:39:14.8585234-07:00:Thread#0:Scheduler: get next test for thread 0
2021-09-14T04:39:14.8607983-07:00:Thread#:Scheduler: testitem #4 from normal test queue 
2021-09-14T04:39:14.8608867-07:00:Thread#0:Scheduler: considering testitem #4 for thread 0
2021-09-14T04:39:14.8663165-07:00:Thread#0:TestItem#4:testItemMatchesCurrentTestThread:UnSpecific
2021-09-14T04:39:14.8663577-07:00:Thread#0:TestItem#4:runsOnOneOtherThreadSpecific:False
2021-09-14T04:39:14.8663670-07:00:Thread#0:TestItem#4:runsOnOneOtherThreadUnspecific:False
2021-09-14T04:39:14.8663921-07:00:Thread#0:Scheduler: using testitem #4 for thread 0
2021-09-14T04:39:14.8673268-07:00:Thread#0:Scheduler: Test #4 is scheduled for thread
2021-09-14T04:39:14.8686833-07:00:Thread#0:Scheduler: with testItemExecutionIndex 0
2021-09-14T04:39:14.8715560-07:00:Thread #0: creating new test thread executor for SeleniumCSharpSpecflowProject, Version=1.0.0.0, Culture=neutral, PublicKeyToken=null (target: Default)
2021-09-14T04:39:14.8757479-07:00:Thread #0: Creating test assembly executor for execution model OutProc
2021-09-14T04:39:14.8760369-07:00:Thread #0: Creating test assembly executor for execution model OutProc
2021-09-14T04:39:14.8788632-07:00:Thread #0: using TechTalk.SpecRun.Framework.Execution.OutOfProc.StreamJsonRPC.OutOfProcessTestAssemblyExecutorHost to execute tests
2021-09-14T04:39:14.8808352-07:00:starting Out Of Process Executor
2021-09-14T04:39:14.8827134-07:00:Assembly resolving Microsoft.VisualStudio.Validation, Version=15.3.0.0, Culture=neutral, PublicKeyToken=b03f5f7f11d50a3a
2021-09-14T04:39:14.8865578-07:00:[AssemblyCache] Trying to resolve 'Microsoft.VisualStudio.Validation' from .deps.json file
2021-09-14T04:39:14.8865747-07:00:[AssemblyCache] Could not resolve 'Microsoft.VisualStudio.Validation' from .deps.json
2021-09-14T04:39:14.8878957-07:00:[AssemblyCache] Trying to resolve 'Microsoft.VisualStudio.Validation' in folder 'C:\Users\Yash\Documents\Projects\SeleniumSpecFlow\SeleniumSpecFlow\SeleniumCSharpSpecflowProject\bin\Debug\netcoreapp3.1'
2021-09-14T04:39:14.8882064-07:00:[AssemblyCache] Trying to resolve 'Microsoft.VisualStudio.Validation' to 'C:\Users\Yash\Documents\Projects\SeleniumSpecFlow\SeleniumSpecFlow\SeleniumCSharpSpecflowProject\bin\Debug\netcoreapp3.1\Microsoft.VisualStudio.Validation.dll'
2021-09-14T04:39:14.8882996-07:00:[AssemblyCache] Trying to resolve 'Microsoft.VisualStudio.Validation' to 'C:\Users\Yash\Documents\Projects\SeleniumSpecFlow\SeleniumSpecFlow\SeleniumCSharpSpecflowProject\bin\Debug\netcoreapp3.1\Microsoft.VisualStudio.Validation.exe'
2021-09-14T04:39:14.8883415-07:00:[AssemblyCache] Could not resolve 'Microsoft.VisualStudio.Validation' in folder 'C:\Users\Yash\Documents\Projects\SeleniumSpecFlow\SeleniumSpecFlow\SeleniumCSharpSpecflowProject\bin\Debug\netcoreapp3.1'
2021-09-14T04:39:14.8885480-07:00:TargetFramework: .NETCoreApp,Version=v3.1
2021-09-14T04:39:14.8887926-07:00:Tfm: netcoreapp3.1
2021-09-14T04:39:14.8888056-07:00:[AssemblyCache] Trying to resolve 'Microsoft.VisualStudio.Validation' in folder 'C:\Users\Yash\Documents\Projects\SeleniumSpecFlow\SeleniumSpecFlow\SeleniumCSharpSpecflowProject\bin\Debug\netcoreapp3.1\SpecFlowPlusRunner\netcoreapp3.1'
2021-09-14T04:39:14.8888140-07:00:[AssemblyCache] Trying to resolve 'Microsoft.VisualStudio.Validation' to 'C:\Users\Yash\Documents\Projects\SeleniumSpecFlow\SeleniumSpecFlow\SeleniumCSharpSpecflowProject\bin\Debug\netcoreapp3.1\SpecFlowPlusRunner\netcoreapp3.1\Microsoft.VisualStudio.Validation.dll'
2021-09-14T04:39:14.8888822-07:00:[AssemblyCache] Found file 'C:\Users\Yash\Documents\Projects\SeleniumSpecFlow\SeleniumSpecFlow\SeleniumCSharpSpecflowProject\bin\Debug\netcoreapp3.1\SpecFlowPlusRunner\netcoreapp3.1\Microsoft.VisualStudio.Validation.dll' for assembly 'Microsoft.VisualStudio.Validation'
2021-09-14T04:39:14.8893570-07:00:[AssemblyCache] Resolved 'Microsoft.VisualStudio.Validation' to C:\Users\Yash\Documents\Projects\SeleniumSpecFlow\SeleniumSpecFlow\SeleniumCSharpSpecflowProject\bin\Debug\netcoreapp3.1\SpecFlowPlusRunner\netcoreapp3.1\Microsoft.VisualStudio.Validation.dll
2021-09-14T04:39:14.8900251-07:00:Starting callback TCP Rpc server
2021-09-14T04:39:14.9043712-07:00:Asynchronously starting background TCP Rpc Server on port 32768
2021-09-14T04:39:14.9044149-07:00:Started callback TCP Rpc server on port 32768
2021-09-14T04:39:14.9044179-07:00:Starting logger TCP Rpc server
2021-09-14T04:39:14.9060432-07:00:Asynchronously starting background TCP Rpc Server on port 32769
2021-09-14T04:39:14.9060632-07:00:Started logger TCP Rpc server on port 32769
2021-09-14T04:39:14.9721517-07:00:Executing test executor at 'dotnet' 'exec "C:\Users\Yash\Documents\Projects\SeleniumSpecFlow\SeleniumSpecFlow\SeleniumCSharpSpecflowProject\bin\Debug\netcoreapp3.1\SpecFlowPlusRunner\netcoreapp3.1\TechTalk.SpecRun.Framework.Executor.anycpu.netcoreapp3_1.dll" --remoteRunnerPid 14332 --uniqueId "2021-09-14T043914" --outputFolder "C:\Users\Yash\Documents\Projects\SeleniumSpecFlow\SeleniumSpecFlow\TestResults" --callbackPort 32768 --loggerPort 32769' in 'C:\Users\Yash\Documents\Projects\SeleniumSpecFlow\SeleniumSpecFlow\SeleniumCSharpSpecflowProject\bin\Debug\netcoreapp3.1'
2021-09-14T04:39:14.9791555-07:00:Executor with PID 13848 has been started successfully.
2021-09-14T04:39:14.9818451-07:00:Out of Process Executor 13848 started
2021-09-14T04:39:14.9818615-07:00:Waiting for endpoint
2021-09-14T04:39:15.8767887-07:00:Assembly resolving Microsoft.VisualStudio.Threading, Version=15.3.0.0, Culture=neutral, PublicKeyToken=b03f5f7f11d50a3a
2021-09-14T04:39:15.8769329-07:00:[AssemblyCache] Trying to resolve 'Microsoft.VisualStudio.Threading' from .deps.json file
2021-09-14T04:39:15.8769497-07:00:[AssemblyCache] Could not resolve 'Microsoft.VisualStudio.Threading' from .deps.json
2021-09-14T04:39:15.8769670-07:00:[AssemblyCache] Trying to resolve 'Microsoft.VisualStudio.Threading' in folder 'C:\Users\Yash\Documents\Projects\SeleniumSpecFlow\SeleniumSpecFlow\SeleniumCSharpSpecflowProject\bin\Debug\netcoreapp3.1'
2021-09-14T04:39:15.8769708-07:00:[AssemblyCache] Trying to resolve 'Microsoft.VisualStudio.Threading' to 'C:\Users\Yash\Documents\Projects\SeleniumSpecFlow\SeleniumSpecFlow\SeleniumCSharpSpecflowProject\bin\Debug\netcoreapp3.1\Microsoft.VisualStudio.Threading.dll'
2021-09-14T04:39:15.8770933-07:00:[AssemblyCache] Trying to resolve 'Microsoft.VisualStudio.Threading' to 'C:\Users\Yash\Documents\Projects\SeleniumSpecFlow\SeleniumSpecFlow\SeleniumCSharpSpecflowProject\bin\Debug\netcoreapp3.1\Microsoft.VisualStudio.Threading.exe'
2021-09-14T04:39:15.8771520-07:00:[AssemblyCache] Could not resolve 'Microsoft.VisualStudio.Threading' in folder 'C:\Users\Yash\Documents\Projects\SeleniumSpecFlow\SeleniumSpecFlow\SeleniumCSharpSpecflowProject\bin\Debug\netcoreapp3.1'
2021-09-14T04:39:15.8771642-07:00:TargetFramework: .NETCoreApp,Version=v3.1
2021-09-14T04:39:15.8772663-07:00:Tfm: netcoreapp3.1
2021-09-14T04:39:15.8772889-07:00:[AssemblyCache] Trying to resolve 'Microsoft.VisualStudio.Threading' in folder 'C:\Users\Yash\Documents\Projects\SeleniumSpecFlow\SeleniumSpecFlow\SeleniumCSharpSpecflowProject\bin\Debug\netcoreapp3.1\SpecFlowPlusRunner\netcoreapp3.1'
2021-09-14T04:39:15.8772931-07:00:[AssemblyCache] Trying to resolve 'Microsoft.VisualStudio.Threading' to 'C:\Users\Yash\Documents\Projects\SeleniumSpecFlow\SeleniumSpecFlow\SeleniumCSharpSpecflowProject\bin\Debug\netcoreapp3.1\SpecFlowPlusRunner\netcoreapp3.1\Microsoft.VisualStudio.Threading.dll'
2021-09-14T04:39:15.8773903-07:00:[AssemblyCache] Found file 'C:\Users\Yash\Documents\Projects\SeleniumSpecFlow\SeleniumSpecFlow\SeleniumCSharpSpecflowProject\bin\Debug\netcoreapp3.1\SpecFlowPlusRunner\netcoreapp3.1\Microsoft.VisualStudio.Threading.dll' for assembly 'Microsoft.VisualStudio.Threading'
2021-09-14T04:39:15.8781048-07:00:[AssemblyCache] Resolved 'Microsoft.VisualStudio.Threading' to C:\Users\Yash\Documents\Projects\SeleniumSpecFlow\SeleniumSpecFlow\SeleniumCSharpSpecflowProject\bin\Debug\netcoreapp3.1\SpecFlowPlusRunner\netcoreapp3.1\Microsoft.VisualStudio.Threading.dll
2021-09-14T04:39:16.0633065-07:00:Remote executor port received: 32770
2021-09-14T04:39:16.0636668-07:00:Creating executor TCP client on port 32770
2021-09-14T04:39:16.0640541-07:00:Created executor TCP client on port 32770
2021-09-14T04:39:16.0640631-07:00:Connecting to remote executor TCP server
2021-09-14T04:39:16.0649383-07:00:Connected remote executor TCP server
2021-09-14T04:39:16.0650843-07:00:trying to connect to Out of Process Executor the 1 attempt
2021-09-14T04:39:16.0650998-07:00:Connection to Out of Process Executor established in the 1 attempt
2021-09-14T04:39:16.2304905-07:00:2021-09-14T04:39:16.2294888-07:00:OutOfProcessTestAssemblyExecutor: initialized for C:\Users\Yash\Documents\Projects\SeleniumSpecFlow\SeleniumSpecFlow\SeleniumCSharpSpecflowProject\bin\Debug\netcoreapp3.1\SeleniumCSharpSpecflowProject.dll on test thread #0
2021-09-14T04:39:16.2347212-07:00:Endpoint 13848 started
2021-09-14T04:39:16.2532166-07:00:2021-09-14T04:39:16.2527439-07:00:OutOfProcessTestAssemblyExecutor: running tests...
2021-09-14T04:39:16.3698899-07:00:2021-09-14T04:39:16.3693836-07:00:Assembly resolving TechTalk.SpecFlow, Version=3.9.0.0, Culture=neutral, PublicKeyToken=0778194805d6db41
2021-09-14T04:39:16.3735980-07:00:2021-09-14T04:39:16.3731483-07:00:[AssemblyCache] Trying to resolve 'TechTalk.SpecFlow' from .deps.json file
2021-09-14T04:39:16.3770524-07:00:2021-09-14T04:39:16.3764754-07:00:[AssemblyCache] Resolved 'TechTalk.SpecFlow' to 'C:\Users\Yash\.nuget\packages\specflow\3.9.22\lib\netstandard2.0\TechTalk.SpecFlow.dll'
2021-09-14T04:39:16.4888235-07:00:2021-09-14T04:39:16.4875819-07:00:Thread#0:T:-> Loading plugin C:\Users\Yash\Documents\Projects\SeleniumSpecFlow\SeleniumSpecFlow\SeleniumCSharpSpecflowProject\bin\Debug\netcoreapp3.1\SeleniumCSharpSpecflowProject.dll
2021-09-14T04:39:16.4917456-07:00:2021-09-14T04:39:16.4905965-07:00:Assembly resolving Microsoft.Extensions.DependencyModel, Version=1.0.1.0, Culture=neutral, PublicKeyToken=adb9793829ddae60
2021-09-14T04:39:16.4934883-07:00:2021-09-14T04:39:16.4925485-07:00:[AssemblyCache] Trying to resolve 'Microsoft.Extensions.DependencyModel' from .deps.json file
2021-09-14T04:39:16.4958851-07:00:2021-09-14T04:39:16.4947254-07:00:[AssemblyCache] Resolved 'Microsoft.Extensions.DependencyModel' to 'C:\Users\Yash\.nuget\packages\microsoft.extensions.dependencymodel\1.0.3\lib\netstandard1.6\Microsoft.Extensions.DependencyModel.dll'
2021-09-14T04:39:16.5580530-07:00:2021-09-14T04:39:16.5569784-07:00:Assembly resolving Microsoft.DotNet.PlatformAbstractions, Version=1.0.1.0, Culture=neutral, PublicKeyToken=adb9793829ddae60
2021-09-14T04:39:16.5588618-07:00:2021-09-14T04:39:16.5584563-07:00:[AssemblyCache] Trying to resolve 'Microsoft.DotNet.PlatformAbstractions' from .deps.json file
2021-09-14T04:39:16.5595754-07:00:2021-09-14T04:39:16.5592844-07:00:[AssemblyCache] Resolved 'Microsoft.DotNet.PlatformAbstractions' to 'C:\Users\Yash\.nuget\packages\microsoft.dotnet.platformabstractions\1.0.3\lib\netstandard1.3\Microsoft.DotNet.PlatformAbstractions.dll'
2021-09-14T04:39:16.5675316-07:00:2021-09-14T04:39:16.5670171-07:00:Thread#0:T:-> Loading plugin C:\Users\Yash\Documents\Projects\SeleniumSpecFlow\SeleniumSpecFlow\SeleniumCSharpSpecflowProject\bin\Debug\netcoreapp3.1\LivingDoc.SpecFlowPlugin.dll
2021-09-14T04:39:16.5701849-07:00:2021-09-14T04:39:16.5697869-07:00:Assembly resolving LivingDoc.Dtos, Version=3.9.0.0, Culture=neutral, PublicKeyToken=null
2021-09-14T04:39:16.5707259-07:00:2021-09-14T04:39:16.5705006-07:00:[AssemblyCache] Trying to resolve 'LivingDoc.Dtos' from .deps.json file
2021-09-14T04:39:16.5714166-07:00:2021-09-14T04:39:16.5711366-07:00:[AssemblyCache] Resolved 'LivingDoc.Dtos' to 'C:\Users\Yash\.nuget\packages\specflow.plus.livingdocplugin\3.9.50\lib\netstandard2.0\LivingDoc.Dtos.dll'
2021-09-14T04:39:16.5738606-07:00:2021-09-14T04:39:16.5734456-07:00:Thread#0:T:-> Loading plugin C:\Users\Yash\Documents\Projects\SeleniumSpecFlow\SeleniumSpecFlow\SeleniumCSharpSpecflowProject\bin\Debug\netcoreapp3.1\SpecRun.Runtime.SpecFlowPlugin.dll
2021-09-14T04:39:16.5811400-07:00:2021-09-14T04:39:16.5806456-07:00:Thread#0:T:-> Using default config
2021-09-14T04:39:16.5969879-07:00:2021-09-14T04:39:16.5964868-07:00:Assembly resolving Cucumber.Messages, Version=6.0.1.0, Culture=neutral, PublicKeyToken=b10c5988214f940c
2021-09-14T04:39:16.5975863-07:00:2021-09-14T04:39:16.5972875-07:00:[AssemblyCache] Trying to resolve 'Cucumber.Messages' from .deps.json file
2021-09-14T04:39:16.5983092-07:00:2021-09-14T04:39:16.5979728-07:00:[AssemblyCache] Resolved 'Cucumber.Messages' to 'C:\Users\Yash\.nuget\packages\cucumber.messages\6.0.1\lib\netstandard2.0\Cucumber.Messages.dll'
2021-09-14T04:39:16.5998635-07:00:2021-09-14T04:39:16.5994984-07:00:Assembly resolving Google.Protobuf, Version=3.7.0.0, Culture=neutral, PublicKeyToken=a7d26565bac4d604
2021-09-14T04:39:16.6004301-07:00:2021-09-14T04:39:16.6001318-07:00:[AssemblyCache] Trying to resolve 'Google.Protobuf' from .deps.json file
2021-09-14T04:39:16.6011063-07:00:2021-09-14T04:39:16.6008021-07:00:[AssemblyCache] Resolved 'Google.Protobuf' to 'C:\Users\Yash\.nuget\packages\google.protobuf\3.7.0\lib\netstandard1.0\Google.Protobuf.dll'
2021-09-14T04:39:16.6065872-07:00:2021-09-14T04:39:16.6061959-07:00:Assembly resolving Microsoft.VisualStudio.TestPlatform.ObjectModel, Version=15.0.0.0, Culture=neutral, PublicKeyToken=b03f5f7f11d50a3a
2021-09-14T04:39:16.6073250-07:00:2021-09-14T04:39:16.6069803-07:00:[AssemblyCache] Trying to resolve 'Microsoft.VisualStudio.TestPlatform.ObjectModel' from .deps.json file
2021-09-14T04:39:16.6081077-07:00:2021-09-14T04:39:16.6077930-07:00:[AssemblyCache] Resolved 'Microsoft.VisualStudio.TestPlatform.ObjectModel' to 'C:\Users\Yash\.nuget\packages\microsoft.testplatform.objectmodel\16.5.0\lib\netstandard2.0\Microsoft.VisualStudio.TestPlatform.ObjectModel.dll'
2021-09-14T04:39:16.6280623-07:00:2021-09-14T04:39:16.6274144-07:00:Thread#0:T:-> error: The binding methods for before/after feature and before/after test run events must be static! SeleniumCSharpSpecflowProject:SeleniumCSharpSpecflowProject.Steps.CreateUserSteps.CloseBrowserInstances() (0.0s)
2021-09-14T04:39:16.7043446-07:00:2021-09-14T04:39:16.7030503-07:00:OutOfProcessTestAssemblyExecutor: RunTest error: TechTalk.SpecFlow.BindingException: The binding methods for before/after feature and before/after test run events must be static! SeleniumCSharpSpecflowProject:SeleniumCSharpSpecflowProject.Steps.CreateUserSteps.CloseBrowserInstances()
   at TechTalk.SpecFlow.ErrorHandling.ErrorProvider.GetNonStaticEventError(IBindingMethod method) in D:\a\1\s\TechTalk.SpecFlow\ErrorHandling\ErrorProvider.cs:line 128
   at TechTalk.SpecFlow.Bindings.Discovery.RuntimeBindingSourceProcessor.ValidateHook(BindingSourceMethod bindingSourceMethod, BindingSourceAttribute hookAttribute, HookType hookType) in D:\a\1\s\TechTalk.SpecFlow\Bindings\Discovery\RuntimeBindingSourceProcessor.cs:line 54
   at TechTalk.SpecFlow.Bindings.Discovery.BindingSourceProcessor.ProcessHookAttribute(BindingSourceMethod bindingSourceMethod, BindingSourceAttribute hookAttribute, BindingScope scope) in D:\a\1\s\TechTalk.SpecFlow\Bindings\Discovery\BindingSourceProcessor.cs:line 168
   at TechTalk.SpecFlow.Bindings.Discovery.BindingSourceProcessor.<>c__DisplayClass21_0.<ProcessHookAttribute>b__1(BindingScope scope) in D:\a\1\s\TechTalk.SpecFlow\Bindings\Discovery\BindingSourceProcessor.cs:line 149
   at TechTalk.SpecFlow.Bindings.Discovery.BindingSourceProcessor.ProcessHookAttribute(BindingSourceMethod bindingSourceMethod, BindingScope[] methodScopes, BindingSourceAttribute hookAttribute) in D:\a\1\s\TechTalk.SpecFlow\Bindings\Discovery\BindingSourceProcessor.cs:line 150
   at TechTalk.SpecFlow.Bindings.Discovery.BindingSourceProcessor.ProcessHooks(BindingSourceMethod bindingSourceMethod, BindingScope[] methodScopes) in D:\a\1\s\TechTalk.SpecFlow\Bindings\Discovery\BindingSourceProcessor.cs:line 121
   at TechTalk.SpecFlow.Bindings.Discovery.BindingSourceProcessor.ProcessMethod(BindingSourceMethod bindingSourceMethod) in D:\a\1\s\TechTalk.SpecFlow\Bindings\Discovery\BindingSourceProcessor.cs:line 108
   at TechTalk.SpecFlow.Bindings.Discovery.RuntimeBindingRegistryBuilder.BuildBindingsFromType(Type type) in D:\a\1\s\TechTalk.SpecFlow\Bindings\Discovery\RuntimeBindingRegistryBuilder.cs:line 49
   at TechTalk.SpecFlow.Bindings.Discovery.RuntimeBindingRegistryBuilder.BuildBindingsFromAssembly(Assembly assembly) in D:\a\1\s\TechTalk.SpecFlow\Bindings\Discovery\RuntimeBindingRegistryBuilder.cs:line 25
   at TechTalk.SpecFlow.TestRunnerManager.BuildBindingRegistry(IEnumerable`1 bindingAssemblies) in D:\a\1\s\TechTalk.SpecFlow\TestRunnerManager.cs:line 92
   at TechTalk.SpecFlow.TestRunnerManager.InitializeBindingRegistry(ITestRunner testRunner) in D:\a\1\s\TechTalk.SpecFlow\TestRunnerManager.cs:line 75
   at TechTalk.SpecFlow.TestRunnerManager.CreateTestRunner(Int32 threadId) in D:\a\1\s\TechTalk.SpecFlow\TestRunnerManager.cs:line 63
   at TechTalk.SpecFlow.TestRunnerManager.GetTestRunnerWithoutExceptionHandling(Int32 threadId) in D:\a\1\s\TechTalk.SpecFlow\TestRunnerManager.cs:line 155
   at TechTalk.SpecFlow.TestRunnerManager.GetTestRunner(Int32 threadId) in D:\a\1\s\TechTalk.SpecFlow\TestRunnerManager.cs:line 136
   at TechTalk.SpecFlow.TestRunnerManager.OnTestRunStart(Assembly testAssembly, IContainerBuilder containerBuilder) in D:\a\1\s\TechTalk.SpecFlow\TestRunnerManager.cs:line 232
   at SeleniumCSharpSpecflowProject_SpecFlowPlusRunnerAssemblyHooks.AssemblyInitialize() in C:\Users\Yash\Documents\Projects\SeleniumSpecFlow\SeleniumSpecFlow\SeleniumCSharpSpecflowProject\obj\Debug\netcoreapp3.1\SpecFlow.Plus.Runner.AssemblyHooks.cs:line 12
   at TechTalk.SpecRun.Framework.TaskExecutors.StaticOrInstanceMethodExecutor.ExecuteInternal(ITestThreadExecutionContext testThreadExecutionContext)
   at TechTalk.SpecRun.Framework.TaskExecutors.StaticOrInstanceMethodExecutor.Execute(ITestThreadExecutionContext testThreadExecutionContext)
   at TechTalk.SpecRun.Framework.TestAssemblyExecutor.RunAssemblyInitializeExecutors(ITestAssemblyExecutorsProvider testAssemblyExecutorsProvider, ITestThreadExecutionContext testThreadExecutionContext)
   at TechTalk.SpecRun.Framework.TestAssemblyExecutor.RunTests(ITestAssemblyExecutorState executorState, ITestAssemblyExecutorsProvider testAssemblyExecutorsProvider, ITestThreadExecutionContext testThreadExecutionContext)
   at TechTalk.SpecRun.Framework.TestAssemblyExecutor.RunTests(TestThreadState testThreadState)
   at TechTalk.SpecRun.Framework.Execution.InProcess.InProcAppDomainTestAssemblyExecutor.RunTests(TestThreadState testThreadState)
   at TechTalk.SpecRun.Framework.Execution.OutOfProcess.OutOfProcessTestAssemblyExecutor.RunTests(TestThreadState testThreadState)
2021-09-14T04:39:16.7066234-07:00:2021-09-14T04:39:16.7055639-07:00:OutOfProcessTestAssemblyExecutorReceiver - Error at RunTests - TechTalk.SpecFlow.BindingException: The binding methods for before/after feature and before/after test run events must be static! SeleniumCSharpSpecflowProject:SeleniumCSharpSpecflowProject.Steps.CreateUserSteps.CloseBrowserInstances()
   at TechTalk.SpecFlow.ErrorHandling.ErrorProvider.GetNonStaticEventError(IBindingMethod method) in D:\a\1\s\TechTalk.SpecFlow\ErrorHandling\ErrorProvider.cs:line 128
   at TechTalk.SpecFlow.Bindings.Discovery.RuntimeBindingSourceProcessor.ValidateHook(BindingSourceMethod bindingSourceMethod, BindingSourceAttribute hookAttribute, HookType hookType) in D:\a\1\s\TechTalk.SpecFlow\Bindings\Discovery\RuntimeBindingSourceProcessor.cs:line 54
   at TechTalk.SpecFlow.Bindings.Discovery.BindingSourceProcessor.ProcessHookAttribute(BindingSourceMethod bindingSourceMethod, BindingSourceAttribute hookAttribute, BindingScope scope) in D:\a\1\s\TechTalk.SpecFlow\Bindings\Discovery\BindingSourceProcessor.cs:line 168
   at TechTalk.SpecFlow.Bindings.Discovery.BindingSourceProcessor.<>c__DisplayClass21_0.<ProcessHookAttribute>b__1(BindingScope scope) in D:\a\1\s\TechTalk.SpecFlow\Bindings\Discovery\BindingSourceProcessor.cs:line 149
   at TechTalk.SpecFlow.Bindings.Discovery.BindingSourceProcessor.ProcessHookAttribute(BindingSourceMethod bindingSourceMethod, BindingScope[] methodScopes, BindingSourceAttribute hookAttribute) in D:\a\1\s\TechTalk.SpecFlow\Bindings\Discovery\BindingSourceProcessor.cs:line 150
   at TechTalk.SpecFlow.Bindings.Discovery.BindingSourceProcessor.ProcessHooks(BindingSourceMethod bindingSourceMethod, BindingScope[] methodScopes) in D:\a\1\s\TechTalk.SpecFlow\Bindings\Discovery\BindingSourceProcessor.cs:line 121
   at TechTalk.SpecFlow.Bindings.Discovery.BindingSourceProcessor.ProcessMethod(BindingSourceMethod bindingSourceMethod) in D:\a\1\s\TechTalk.SpecFlow\Bindings\Discovery\BindingSourceProcessor.cs:line 108
   at TechTalk.SpecFlow.Bindings.Discovery.RuntimeBindingRegistryBuilder.BuildBindingsFromType(Type type) in D:\a\1\s\TechTalk.SpecFlow\Bindings\Discovery\RuntimeBindingRegistryBuilder.cs:line 49
   at TechTalk.SpecFlow.Bindings.Discovery.RuntimeBindingRegistryBuilder.BuildBindingsFromAssembly(Assembly assembly) in D:\a\1\s\TechTalk.SpecFlow\Bindings\Discovery\RuntimeBindingRegistryBuilder.cs:line 25
   at TechTalk.SpecFlow.TestRunnerManager.BuildBindingRegistry(IEnumerable`1 bindingAssemblies) in D:\a\1\s\TechTalk.SpecFlow\TestRunnerManager.cs:line 92
   at TechTalk.SpecFlow.TestRunnerManager.InitializeBindingRegistry(ITestRunner testRunner) in D:\a\1\s\TechTalk.SpecFlow\TestRunnerManager.cs:line 75
   at TechTalk.SpecFlow.TestRunnerManager.CreateTestRunner(Int32 threadId) in D:\a\1\s\TechTalk.SpecFlow\TestRunnerManager.cs:line 63
   at TechTalk.SpecFlow.TestRunnerManager.GetTestRunnerWithoutExceptionHandling(Int32 threadId) in D:\a\1\s\TechTalk.SpecFlow\TestRunnerManager.cs:line 155
   at TechTalk.SpecFlow.TestRunnerManager.GetTestRunner(Int32 threadId) in D:\a\1\s\TechTalk.SpecFlow\TestRunnerManager.cs:line 136
   at TechTalk.SpecFlow.TestRunnerManager.OnTestRunStart(Assembly testAssembly, IContainerBuilder containerBuilder) in D:\a\1\s\TechTalk.SpecFlow\TestRunnerManager.cs:line 232
   at SeleniumCSharpSpecflowProject_SpecFlowPlusRunnerAssemblyHooks.AssemblyInitialize() in C:\Users\Yash\Documents\Projects\SeleniumSpecFlow\SeleniumSpecFlow\SeleniumCSharpSpecflowProject\obj\Debug\netcoreapp3.1\SpecFlow.Plus.Runner.AssemblyHooks.cs:line 12
   at TechTalk.SpecRun.Framework.TaskExecutors.StaticOrInstanceMethodExecutor.ExecuteInternal(ITestThreadExecutionContext testThreadExecutionContext)
   at TechTalk.SpecRun.Framework.TaskExecutors.StaticOrInstanceMethodExecutor.Execute(ITestThreadExecutionContext testThreadExecutionContext)
   at TechTalk.SpecRun.Framework.TestAssemblyExecutor.RunAssemblyInitializeExecutors(ITestAssemblyExecutorsProvider testAssemblyExecutorsProvider, ITestThreadExecutionContext testThreadExecutionContext)
   at TechTalk.SpecRun.Framework.TestAssemblyExecutor.RunTests(ITestAssemblyExecutorState executorState, ITestAssemblyExecutorsProvider testAssemblyExecutorsProvider, ITestThreadExecutionContext testThreadExecutionContext)
   at TechTalk.SpecRun.Framework.TestAssemblyExecutor.RunTests(TestThreadState testThreadState)
   at TechTalk.SpecRun.Framework.Execution.InProcess.InProcAppDomainTestAssemblyExecutor.RunTests(TestThreadState testThreadState)
   at TechTalk.SpecRun.Framework.Execution.OutOfProcess.OutOfProcessTestAssemblyExecutor.RunTests(TestThreadState testThreadState)
   at TechTalk.SpecRun.Framework.Execution.OutOfProcess.OutOfProcessTestAssemblyExecutorReceiver.RunTests(TestThreadState testThreadState)
2021-09-14T04:39:16.8010181-07:00:test thread #0 error: StreamJsonRpc.RemoteInvocationException: The binding methods for before/after feature and before/after test run events must be static! SeleniumCSharpSpecflowProject:SeleniumCSharpSpecflowProject.Steps.CreateUserSteps.CloseBrowserInstances()
   at StreamJsonRpc.JsonRpc.InvokeCoreAsync[TResult](Nullable`1 id, String targetName, IReadOnlyList`1 arguments, CancellationToken cancellationToken, Boolean isParameterObject)
   at TechTalk.SpecFlow.Plus.RPC.TcpRpcClient.Invoke[T](String methodName, Object[] parameters)
   at TechTalk.SpecFlow.Plus.RPC.AsyncHelper.RunSync[TResult](Func`1 func)
   at TechTalk.SpecRun.Framework.Execution.OutOfProc.StreamJsonRPC.OutOfProcessTestAssemblyExecutorClient.RunTests(TestThreadState testThreadState)
   at TechTalk.SpecRun.Framework.Execution.OutOfProc.StreamJsonRPC.RemoteExecutor.RunTests(TestThreadState testThreadState)
   at TechTalk.SpecRun.Framework.Execution.OutOfProc.StreamJsonRPC.OutOfProcessTestAssemblyExecutorHost.RunTests(TestThreadState testThreadState)
   at TechTalk.SpecRun.Framework.TestThread.RunNonEmptyTestSuite(CancellationToken cancellationToken, TestThreadState testThreadState)
   at TechTalk.SpecRun.Framework.TestThread.Run(ITestExecutionManager executionManagerForRun, CancellationToken cancellationToken)
   at TechTalk.SpecRun.Framework.AsyncTestThreadRunner.RunSync(TestExecutionManager executionManager, CancellationToken cancellationToken)
2021-09-14T04:39:16.8029931-07:00:test thread error: TechTalk.SpecRun.Framework.SpecRunException: At least one test thread aborted.
 ---> StreamJsonRpc.RemoteInvocationException: The binding methods for before/after feature and before/after test run events must be static! SeleniumCSharpSpecflowProject:SeleniumCSharpSpecflowProject.Steps.CreateUserSteps.CloseBrowserInstances()
   at StreamJsonRpc.JsonRpc.InvokeCoreAsync[TResult](Nullable`1 id, String targetName, IReadOnlyList`1 arguments, CancellationToken cancellationToken, Boolean isParameterObject)
   at TechTalk.SpecFlow.Plus.RPC.TcpRpcClient.Invoke[T](String methodName, Object[] parameters)
   at TechTalk.SpecFlow.Plus.RPC.AsyncHelper.RunSync[TResult](Func`1 func)
   at TechTalk.SpecRun.Framework.Execution.OutOfProc.StreamJsonRPC.OutOfProcessTestAssemblyExecutorClient.RunTests(TestThreadState testThreadState)
   at TechTalk.SpecRun.Framework.Execution.OutOfProc.StreamJsonRPC.RemoteExecutor.RunTests(TestThreadState testThreadState)
   at TechTalk.SpecRun.Framework.Execution.OutOfProc.StreamJsonRPC.OutOfProcessTestAssemblyExecutorHost.RunTests(TestThreadState testThreadState)
   at TechTalk.SpecRun.Framework.TestThread.RunNonEmptyTestSuite(CancellationToken cancellationToken, TestThreadState testThreadState)
   at TechTalk.SpecRun.Framework.TestThread.Run(ITestExecutionManager executionManagerForRun, CancellationToken cancellationToken)
   at TechTalk.SpecRun.Framework.AsyncTestThreadRunner.RunSync(TestExecutionManager executionManager, CancellationToken cancellationToken)
   --- End of inner exception stack trace ---
2021-09-14T04:39:16.8152528-07:00:Thread#-1: Test #4/0 is started on thread #-1
2021-09-14T04:39:16.8177969-07:00:Thread#-1: Test #4/0 is finished on thread #-1 as Skipped within 0.0010878 seconds
2021-09-14T04:39:16.8214861-07:00:Thread#-1:Scheduler: get next test for thread -1
2021-09-14T04:39:16.8215871-07:00:Thread#:Scheduler: testitem #5 from normal test queue 
2021-09-14T04:39:16.8215984-07:00:Thread#-1:Scheduler: considering testitem #5 for thread -1
2021-09-14T04:39:16.8216056-07:00:Thread#-1:Scheduler: using testitem #5 for thread -1
2021-09-14T04:39:16.8216156-07:00:Thread#-1:Scheduler: Test #5 is scheduled for thread
2021-09-14T04:39:16.8217393-07:00:Thread#-1: Test #5/0 is started on thread #-1
2021-09-14T04:39:16.8218606-07:00:Thread#-1: Test #5/0 is finished on thread #-1 as Skipped within 2.68E-05 seconds
2021-09-14T04:39:16.8219586-07:00:Thread#-1:Scheduler: get next test for thread -1
2021-09-14T04:39:16.8219849-07:00:Thread#:Scheduler: at the end of normal test queue
2021-09-14T04:39:16.8219905-07:00:Thread#-1:Scheduler: enumerator for thread is at end
2021-09-14T04:39:16.8829256-07:00;Thread#12;Info;test run finished
2021-09-14T04:39:16.8831930-07:00;Thread#12;Info;publishing test results
2021-09-14T04:39:16.8833942-07:00;Thread#12;Info;Not publishing results.
2021-09-14T04:39:16.8834975-07:00;Thread#12;Info;test results published
2021-09-14T04:39:16.8835756-07:00;Thread#12;Info;generating reports
2021-09-14T04:39:17.0166419-07:00;Thread#12;Info;Starting external report generation process
2021-09-14T04:39:20.6222164-07:00;Thread#12;Info;Successfully generated reports.
2021-09-14T04:39:20.6244424-07:00;Thread#12;Info;Successfully generated reports
2021-09-14T04:39:20.6321273-07:00:Total: 2
2021-09-14T04:39:20.6336441-07:00:Succeeded: 0
2021-09-14T04:39:20.6338922-07:00:Ignored: 0
2021-09-14T04:39:20.6340832-07:00:Pending: 0
2021-09-14T04:39:20.6340915-07:00:Skipped: 2
2021-09-14T04:39:20.6342704-07:00:Failed: 0
2021-09-14T04:39:20.6354485-07:00;VSTestExecutionThread;Info;Adding attachments to VSTest
2021-09-14T04:39:20.6356127-07:00;VSTestExecutionThread;Info;adding Test Execution Report 'C:\Users\Yash\Documents\Projects\SeleniumSpecFlow\SeleniumSpecFlow\TestResults\SpecflowProjectReport_SpecflowProjectReport_2021-09-14T043914.html'
========== End of log file ==========
