2021-08-31T10:09:18.7549569-07:00;VSTestExecutionThread;Info;SpecFlow+Runner execution started
2021-08-31T10:09:18.7551429-07:00;VSTestExecutionThread;Info;SpecFlow+Runner 3.9.7 in Framework netcore31 in x64 mode execution started
2021-08-31T10:09:18.7551475-07:00;VSTestExecutionThread;Info;TestAdapter Location: C:\Users\Yash\Documents\Projects\SeleniumSpecFlow\SeleniumSpecFlow\SeleniumCSharpSpecflowProject\bin\Debug\netcoreapp3.1\TechTalk.SpecRun.VisualStudio.TestAdapter.dll
2021-08-31T10:09:18.7569528-07:00;VSTestExecutionThread;Info;Current UserName: 'Yash', MachineName: 'DESKTOP-HBFE069'
2021-08-31T10:09:18.8576683-07:00;VSTestExecutionThread;Info;SpecRun: running tests in C:\Users\Yash\Documents\Projects\SeleniumSpecFlow\SeleniumSpecFlow\SeleniumCSharpSpecflowProject\bin\Debug\netcoreapp3.1\SeleniumCSharpSpecflowProject.dll
2021-08-31T10:09:18.8580205-07:00;VSTestExecutionThread;Info;Output folder configured to "C:\Users\Yash\Documents\Projects\SeleniumSpecFlow\SeleniumSpecFlow\TestResults" (default)
2021-08-31T10:09:18.8581611-07:00;VSTestExecutionThread;Info;Profile: 
2021-08-31T10:09:19.0333808-07:00;VSTestExecutionThread;Info;Log file path: C:\Users\Yash\Documents\Projects\SeleniumSpecFlow\SeleniumSpecFlow\TestResults\Unnamed project__2021-08-31T100918.log
2021-08-31T10:09:19.0389411-07:00;Thread#12;Info;Checking activation
2021-08-31T10:09:19.1478736-07:00;Thread#12;Info;Activated.
2021-08-31T10:09:19.1481091-07:00;Thread#12;Info;Activation check completed
2021-08-31T10:09:19.1482131-07:00;Thread#12;Info;Starting test run
2021-08-31T10:09:19.2415144-07:00;Thread#12;Info;Discovering target: Default
2021-08-31T10:09:19.2418384-07:00;Thread#12;Info;Discovering tests from assembly: C:\Users\Yash\Documents\Projects\SeleniumSpecFlow\SeleniumSpecFlow\SeleniumCSharpSpecflowProject\bin\Debug\netcoreapp3.1\SeleniumCSharpSpecflowProject.dll
2021-08-31T10:09:19.3447052-07:00;Thread#12;Info;Discovered tests from assembly: C:\Users\Yash\Documents\Projects\SeleniumSpecFlow\SeleniumSpecFlow\SeleniumCSharpSpecflowProject\bin\Debug\netcoreapp3.1\SeleniumCSharpSpecflowProject.dll
2021-08-31T10:09:19.3458589-07:00:Test Suite Dump
2021-08-31T10:09:19.3474793-07:00:#0: Unnamed project/ - 
2021-08-31T10:09:19.3475030-07:00:#1: Default - 
2021-08-31T10:09:19.3475055-07:00:#2: SeleniumCSharpSpecflowProject - 
2021-08-31T10:09:19.3475074-07:00:#3: CreateUser - 
2021-08-31T10:09:19.3484776-07:00:#4: Launch application and Create user and validate the user is create successfully - TestAssembly:SeleniumCSharpSpecflowProject/Feature:CreateUser/Scenario:Launch+application+and+Create+user+and+validate+the+user+is+create+successfully
2021-08-31T10:09:19.3485357-07:00:#5: Login to the application with the newly created user and validate login successful - TestAssembly:SeleniumCSharpSpecflowProject/Feature:CreateUser/Scenario:Login+to+the+application+with+the+newly+created+user+and+validate+login+successful
2021-08-31T10:09:19.3485717-07:00:End: Test Suite Dump
2021-08-31T10:09:19.3949283-07:00:Thread#0:Scheduler: get next test for thread 0
2021-08-31T10:09:19.4009960-07:00:Thread#:Scheduler: testitem #4 from normal test queue 
2021-08-31T10:09:19.4012081-07:00:Thread#0:Scheduler: considering testitem #4 for thread 0
2021-08-31T10:09:19.4118865-07:00:Thread#0:TestItem#4:testItemMatchesCurrentTestThread:UnSpecific
2021-08-31T10:09:19.4119365-07:00:Thread#0:TestItem#4:runsOnOneOtherThreadSpecific:False
2021-08-31T10:09:19.4119679-07:00:Thread#0:TestItem#4:runsOnOneOtherThreadUnspecific:False
2021-08-31T10:09:19.4119774-07:00:Thread#0:Scheduler: using testitem #4 for thread 0
2021-08-31T10:09:19.4140528-07:00:Thread#0:Scheduler: Test #4 is scheduled for thread
2021-08-31T10:09:19.4161510-07:00:Thread#0:Scheduler: with testItemExecutionIndex 0
2021-08-31T10:09:19.4200925-07:00:Thread #0: creating new test thread executor for SeleniumCSharpSpecflowProject, Version=1.0.0.0, Culture=neutral, PublicKeyToken=null (target: Default)
2021-08-31T10:09:19.4245190-07:00:Thread #0: Creating test assembly executor for execution model OutProc
2021-08-31T10:09:19.4248616-07:00:Thread #0: Creating test assembly executor for execution model OutProc
2021-08-31T10:09:19.4411028-07:00:Thread #0: using TechTalk.SpecRun.Framework.Execution.OutOfProc.StreamJsonRPC.OutOfProcessTestAssemblyExecutorHost to execute tests
2021-08-31T10:09:19.4449240-07:00:starting Out Of Process Executor
2021-08-31T10:09:19.4629935-07:00:Assembly resolving Microsoft.VisualStudio.Validation, Version=15.3.0.0, Culture=neutral, PublicKeyToken=b03f5f7f11d50a3a
2021-08-31T10:09:19.4893101-07:00:[AssemblyCache] Trying to resolve 'Microsoft.VisualStudio.Validation' from .deps.json file
2021-08-31T10:09:19.4894106-07:00:[AssemblyCache] Could not resolve 'Microsoft.VisualStudio.Validation' from .deps.json
2021-08-31T10:09:19.4933589-07:00:[AssemblyCache] Trying to resolve 'Microsoft.VisualStudio.Validation' in folder 'C:\Users\Yash\Documents\Projects\SeleniumSpecFlow\SeleniumSpecFlow\SeleniumCSharpSpecflowProject\bin\Debug\netcoreapp3.1'
2021-08-31T10:09:19.4946394-07:00:[AssemblyCache] Trying to resolve 'Microsoft.VisualStudio.Validation' to 'C:\Users\Yash\Documents\Projects\SeleniumSpecFlow\SeleniumSpecFlow\SeleniumCSharpSpecflowProject\bin\Debug\netcoreapp3.1\Microsoft.VisualStudio.Validation.dll'
2021-08-31T10:09:19.4952637-07:00:[AssemblyCache] Trying to resolve 'Microsoft.VisualStudio.Validation' to 'C:\Users\Yash\Documents\Projects\SeleniumSpecFlow\SeleniumSpecFlow\SeleniumCSharpSpecflowProject\bin\Debug\netcoreapp3.1\Microsoft.VisualStudio.Validation.exe'
2021-08-31T10:09:19.4956153-07:00:[AssemblyCache] Could not resolve 'Microsoft.VisualStudio.Validation' in folder 'C:\Users\Yash\Documents\Projects\SeleniumSpecFlow\SeleniumSpecFlow\SeleniumCSharpSpecflowProject\bin\Debug\netcoreapp3.1'
2021-08-31T10:09:19.4965839-07:00:TargetFramework: .NETCoreApp,Version=v3.1
2021-08-31T10:09:19.4986010-07:00:Tfm: netcoreapp3.1
2021-08-31T10:09:19.4986519-07:00:[AssemblyCache] Trying to resolve 'Microsoft.VisualStudio.Validation' in folder 'C:\Users\Yash\Documents\Projects\SeleniumSpecFlow\SeleniumSpecFlow\SeleniumCSharpSpecflowProject\bin\Debug\netcoreapp3.1\SpecFlowPlusRunner\netcoreapp3.1'
2021-08-31T10:09:19.4986954-07:00:[AssemblyCache] Trying to resolve 'Microsoft.VisualStudio.Validation' to 'C:\Users\Yash\Documents\Projects\SeleniumSpecFlow\SeleniumSpecFlow\SeleniumCSharpSpecflowProject\bin\Debug\netcoreapp3.1\SpecFlowPlusRunner\netcoreapp3.1\Microsoft.VisualStudio.Validation.dll'
2021-08-31T10:09:19.4990010-07:00:[AssemblyCache] Found file 'C:\Users\Yash\Documents\Projects\SeleniumSpecFlow\SeleniumSpecFlow\SeleniumCSharpSpecflowProject\bin\Debug\netcoreapp3.1\SpecFlowPlusRunner\netcoreapp3.1\Microsoft.VisualStudio.Validation.dll' for assembly 'Microsoft.VisualStudio.Validation'
2021-08-31T10:09:19.5006951-07:00:[AssemblyCache] Resolved 'Microsoft.VisualStudio.Validation' to C:\Users\Yash\Documents\Projects\SeleniumSpecFlow\SeleniumSpecFlow\SeleniumCSharpSpecflowProject\bin\Debug\netcoreapp3.1\SpecFlowPlusRunner\netcoreapp3.1\Microsoft.VisualStudio.Validation.dll
2021-08-31T10:09:19.5041016-07:00:Starting callback TCP Rpc server
2021-08-31T10:09:19.5875221-07:00:Asynchronously starting background TCP Rpc Server on port 32768
2021-08-31T10:09:19.5883091-07:00:Started callback TCP Rpc server on port 32768
2021-08-31T10:09:19.5883556-07:00:Starting logger TCP Rpc server
2021-08-31T10:09:19.5963314-07:00:Asynchronously starting background TCP Rpc Server on port 32769
2021-08-31T10:09:19.5964127-07:00:Started logger TCP Rpc server on port 32769
2021-08-31T10:09:19.9637749-07:00:Executing test executor at 'dotnet' 'exec "C:\Users\Yash\Documents\Projects\SeleniumSpecFlow\SeleniumSpecFlow\SeleniumCSharpSpecflowProject\bin\Debug\netcoreapp3.1\SpecFlowPlusRunner\netcoreapp3.1\TechTalk.SpecRun.Framework.Executor.anycpu.netcoreapp3_1.dll" --remoteRunnerPid 23336 --uniqueId "2021-08-31T100918" --outputFolder "C:\Users\Yash\Documents\Projects\SeleniumSpecFlow\SeleniumSpecFlow\TestResults" --callbackPort 32768 --loggerPort 32769' in 'C:\Users\Yash\Documents\Projects\SeleniumSpecFlow\SeleniumSpecFlow\SeleniumCSharpSpecflowProject\bin\Debug\netcoreapp3.1'
2021-08-31T10:09:20.0116900-07:00:Executor with PID 21824 has been started successfully.
2021-08-31T10:09:20.0191519-07:00:Out of Process Executor 21824 started
2021-08-31T10:09:20.0192033-07:00:Waiting for endpoint
2021-08-31T10:09:23.2526671-07:00:Assembly resolving Microsoft.VisualStudio.Threading, Version=15.3.0.0, Culture=neutral, PublicKeyToken=b03f5f7f11d50a3a
2021-08-31T10:09:23.2527534-07:00:[AssemblyCache] Trying to resolve 'Microsoft.VisualStudio.Threading' from .deps.json file
2021-08-31T10:09:23.2527643-07:00:[AssemblyCache] Could not resolve 'Microsoft.VisualStudio.Threading' from .deps.json
2021-08-31T10:09:23.2527716-07:00:[AssemblyCache] Trying to resolve 'Microsoft.VisualStudio.Threading' in folder 'C:\Users\Yash\Documents\Projects\SeleniumSpecFlow\SeleniumSpecFlow\SeleniumCSharpSpecflowProject\bin\Debug\netcoreapp3.1'
2021-08-31T10:09:23.2527742-07:00:[AssemblyCache] Trying to resolve 'Microsoft.VisualStudio.Threading' to 'C:\Users\Yash\Documents\Projects\SeleniumSpecFlow\SeleniumSpecFlow\SeleniumCSharpSpecflowProject\bin\Debug\netcoreapp3.1\Microsoft.VisualStudio.Threading.dll'
2021-08-31T10:09:23.2528249-07:00:[AssemblyCache] Trying to resolve 'Microsoft.VisualStudio.Threading' to 'C:\Users\Yash\Documents\Projects\SeleniumSpecFlow\SeleniumSpecFlow\SeleniumCSharpSpecflowProject\bin\Debug\netcoreapp3.1\Microsoft.VisualStudio.Threading.exe'
2021-08-31T10:09:23.2528659-07:00:[AssemblyCache] Could not resolve 'Microsoft.VisualStudio.Threading' in folder 'C:\Users\Yash\Documents\Projects\SeleniumSpecFlow\SeleniumSpecFlow\SeleniumCSharpSpecflowProject\bin\Debug\netcoreapp3.1'
2021-08-31T10:09:23.2528745-07:00:TargetFramework: .NETCoreApp,Version=v3.1
2021-08-31T10:09:23.2529500-07:00:Tfm: netcoreapp3.1
2021-08-31T10:09:23.2529613-07:00:[AssemblyCache] Trying to resolve 'Microsoft.VisualStudio.Threading' in folder 'C:\Users\Yash\Documents\Projects\SeleniumSpecFlow\SeleniumSpecFlow\SeleniumCSharpSpecflowProject\bin\Debug\netcoreapp3.1\SpecFlowPlusRunner\netcoreapp3.1'
2021-08-31T10:09:23.2529634-07:00:[AssemblyCache] Trying to resolve 'Microsoft.VisualStudio.Threading' to 'C:\Users\Yash\Documents\Projects\SeleniumSpecFlow\SeleniumSpecFlow\SeleniumCSharpSpecflowProject\bin\Debug\netcoreapp3.1\SpecFlowPlusRunner\netcoreapp3.1\Microsoft.VisualStudio.Threading.dll'
2021-08-31T10:09:23.2530273-07:00:[AssemblyCache] Found file 'C:\Users\Yash\Documents\Projects\SeleniumSpecFlow\SeleniumSpecFlow\SeleniumCSharpSpecflowProject\bin\Debug\netcoreapp3.1\SpecFlowPlusRunner\netcoreapp3.1\Microsoft.VisualStudio.Threading.dll' for assembly 'Microsoft.VisualStudio.Threading'
2021-08-31T10:09:23.2535395-07:00:[AssemblyCache] Resolved 'Microsoft.VisualStudio.Threading' to C:\Users\Yash\Documents\Projects\SeleniumSpecFlow\SeleniumSpecFlow\SeleniumCSharpSpecflowProject\bin\Debug\netcoreapp3.1\SpecFlowPlusRunner\netcoreapp3.1\Microsoft.VisualStudio.Threading.dll
2021-08-31T10:09:23.7031508-07:00:Remote executor port received: 32770
2021-08-31T10:09:23.7038619-07:00:Creating executor TCP client on port 32770
2021-08-31T10:09:23.7045579-07:00:Created executor TCP client on port 32770
2021-08-31T10:09:23.7045744-07:00:Connecting to remote executor TCP server
2021-08-31T10:09:23.7061010-07:00:Connected remote executor TCP server
2021-08-31T10:09:23.7063260-07:00:trying to connect to Out of Process Executor the 1 attempt
2021-08-31T10:09:23.7063489-07:00:Connection to Out of Process Executor established in the 1 attempt
2021-08-31T10:09:24.1436135-07:00:2021-08-31T10:09:24.1407984-07:00:OutOfProcessTestAssemblyExecutor: initialized for C:\Users\Yash\Documents\Projects\SeleniumSpecFlow\SeleniumSpecFlow\SeleniumCSharpSpecflowProject\bin\Debug\netcoreapp3.1\SeleniumCSharpSpecflowProject.dll on test thread #0
2021-08-31T10:09:24.1532100-07:00:Endpoint 21824 started
2021-08-31T10:09:24.2163729-07:00:2021-08-31T10:09:24.2152567-07:00:OutOfProcessTestAssemblyExecutor: running tests...
2021-08-31T10:09:24.4162984-07:00:2021-08-31T10:09:24.4155401-07:00:Assembly resolving TechTalk.SpecFlow, Version=3.9.0.0, Culture=neutral, PublicKeyToken=0778194805d6db41
2021-08-31T10:09:24.4310308-07:00:2021-08-31T10:09:24.4200578-07:00:[AssemblyCache] Trying to resolve 'TechTalk.SpecFlow' from .deps.json file
2021-08-31T10:09:24.4360083-07:00:2021-08-31T10:09:24.4354495-07:00:[AssemblyCache] Resolved 'TechTalk.SpecFlow' to 'C:\Users\Yash\.nuget\packages\specflow\3.9.8\lib\netstandard2.0\TechTalk.SpecFlow.dll'
2021-08-31T10:09:24.6274503-07:00:2021-08-31T10:09:24.6248855-07:00:Thread#0:T:-> Loading plugin C:\Users\Yash\Documents\Projects\SeleniumSpecFlow\SeleniumSpecFlow\SeleniumCSharpSpecflowProject\bin\Debug\netcoreapp3.1\SeleniumCSharpSpecflowProject.dll
2021-08-31T10:09:24.6327460-07:00:2021-08-31T10:09:24.6306653-07:00:Assembly resolving Microsoft.Extensions.DependencyModel, Version=1.0.1.0, Culture=neutral, PublicKeyToken=adb9793829ddae60
2021-08-31T10:09:24.6379587-07:00:2021-08-31T10:09:24.6358011-07:00:[AssemblyCache] Trying to resolve 'Microsoft.Extensions.DependencyModel' from .deps.json file
2021-08-31T10:09:24.6420123-07:00:2021-08-31T10:09:24.6399457-07:00:[AssemblyCache] Resolved 'Microsoft.Extensions.DependencyModel' to 'C:\Users\Yash\.nuget\packages\microsoft.extensions.dependencymodel\1.0.3\lib\netstandard1.6\Microsoft.Extensions.DependencyModel.dll'
2021-08-31T10:09:24.7203208-07:00:2021-08-31T10:09:24.7193380-07:00:Assembly resolving Microsoft.DotNet.PlatformAbstractions, Version=1.0.1.0, Culture=neutral, PublicKeyToken=adb9793829ddae60
2021-08-31T10:09:24.7210599-07:00:2021-08-31T10:09:24.7207659-07:00:[AssemblyCache] Trying to resolve 'Microsoft.DotNet.PlatformAbstractions' from .deps.json file
2021-08-31T10:09:24.7217716-07:00:2021-08-31T10:09:24.7214807-07:00:[AssemblyCache] Resolved 'Microsoft.DotNet.PlatformAbstractions' to 'C:\Users\Yash\.nuget\packages\microsoft.dotnet.platformabstractions\1.0.3\lib\netstandard1.3\Microsoft.DotNet.PlatformAbstractions.dll'
2021-08-31T10:09:24.7285765-07:00:2021-08-31T10:09:24.7281224-07:00:Thread#0:T:-> Missing [assembly:RuntimePlugin] attribute in SeleniumCSharpSpecflowProject, Version=1.0.0.0, Culture=neutral, PublicKeyToken=null. Please check https://go.specflow.org/doc-plugins for details.
2021-08-31T10:09:24.7292478-07:00:2021-08-31T10:09:24.7288985-07:00:Thread#0:T:-> Loading plugin C:\Users\Yash\Documents\Projects\SeleniumSpecFlow\SeleniumSpecFlow\SeleniumCSharpSpecflowProject\bin\Debug\netcoreapp3.1\LivingDoc.SpecFlowPlugin.dll
2021-08-31T10:09:24.7321281-07:00:2021-08-31T10:09:24.7315994-07:00:Assembly resolving LivingDoc.Dtos, Version=3.9.0.0, Culture=neutral, PublicKeyToken=null
2021-08-31T10:09:24.7327823-07:00:2021-08-31T10:09:24.7324385-07:00:[AssemblyCache] Trying to resolve 'LivingDoc.Dtos' from .deps.json file
2021-08-31T10:09:24.7337228-07:00:2021-08-31T10:09:24.7332739-07:00:[AssemblyCache] Resolved 'LivingDoc.Dtos' to 'C:\Users\Yash\.nuget\packages\specflow.plus.livingdocplugin\3.9.50\lib\netstandard2.0\LivingDoc.Dtos.dll'
2021-08-31T10:09:24.7364982-07:00:2021-08-31T10:09:24.7360625-07:00:Thread#0:T:-> Loading plugin C:\Users\Yash\Documents\Projects\SeleniumSpecFlow\SeleniumSpecFlow\SeleniumCSharpSpecflowProject\bin\Debug\netcoreapp3.1\SpecRun.Runtime.SpecFlowPlugin.dll
2021-08-31T10:09:24.7437230-07:00:2021-08-31T10:09:24.7432601-07:00:Thread#0:T:-> Using default config
2021-08-31T10:09:24.8614519-07:00:2021-08-31T10:09:24.8609628-07:00:Assembly resolving Cucumber.Messages, Version=6.0.1.0, Culture=neutral, PublicKeyToken=b10c5988214f940c
2021-08-31T10:09:24.8620710-07:00:2021-08-31T10:09:24.8617612-07:00:[AssemblyCache] Trying to resolve 'Cucumber.Messages' from .deps.json file
2021-08-31T10:09:24.8628177-07:00:2021-08-31T10:09:24.8625145-07:00:[AssemblyCache] Resolved 'Cucumber.Messages' to 'C:\Users\Yash\.nuget\packages\cucumber.messages\6.0.1\lib\netstandard2.0\Cucumber.Messages.dll'
2021-08-31T10:09:24.8645037-07:00:2021-08-31T10:09:24.8641175-07:00:Assembly resolving Google.Protobuf, Version=3.7.0.0, Culture=neutral, PublicKeyToken=a7d26565bac4d604
2021-08-31T10:09:24.8650879-07:00:2021-08-31T10:09:24.8647976-07:00:[AssemblyCache] Trying to resolve 'Google.Protobuf' from .deps.json file
2021-08-31T10:09:24.8658655-07:00:2021-08-31T10:09:24.8655695-07:00:[AssemblyCache] Resolved 'Google.Protobuf' to 'C:\Users\Yash\.nuget\packages\google.protobuf\3.7.0\lib\netstandard1.0\Google.Protobuf.dll'
2021-08-31T10:09:24.8721800-07:00:2021-08-31T10:09:24.8712887-07:00:Assembly resolving Microsoft.VisualStudio.TestPlatform.ObjectModel, Version=15.0.0.0, Culture=neutral, PublicKeyToken=b03f5f7f11d50a3a
2021-08-31T10:09:24.8734573-07:00:2021-08-31T10:09:24.8728005-07:00:[AssemblyCache] Trying to resolve 'Microsoft.VisualStudio.TestPlatform.ObjectModel' from .deps.json file
2021-08-31T10:09:24.8750957-07:00:2021-08-31T10:09:24.8741991-07:00:[AssemblyCache] Resolved 'Microsoft.VisualStudio.TestPlatform.ObjectModel' to 'C:\Users\Yash\.nuget\packages\microsoft.testplatform.objectmodel\16.5.0\lib\netstandard2.0\Microsoft.VisualStudio.TestPlatform.ObjectModel.dll'
2021-08-31T10:09:24.9143916-07:00:2021-08-31T10:09:24.9131290-07:00:Assembly resolving SpecFlow.Internal.Json, Version=1.0.0.0, Culture=neutral, PublicKeyToken=0778194805d6db41
2021-08-31T10:09:24.9160526-07:00:2021-08-31T10:09:24.9151697-07:00:[AssemblyCache] Trying to resolve 'SpecFlow.Internal.Json' from .deps.json file
2021-08-31T10:09:24.9186911-07:00:2021-08-31T10:09:24.9174107-07:00:[AssemblyCache] Resolved 'SpecFlow.Internal.Json' to 'C:\Users\Yash\.nuget\packages\specflow.internal.json\1.0.8\lib\netstandard2.0\SpecFlow.Internal.Json.dll'
2021-08-31T10:09:28.1304658-07:00:2021-08-31T10:09:28.1249327-07:00:OutOfProcessTestAssemblyExecutor: RunTest error: BoDi.ObjectContainerException: Multiple public constructors with same maximum parameter count are not supported! System.Globalization.CultureInfo (resolution path: TechTalk.SpecFlow.FeatureContext->TechTalk.SpecFlow.FeatureInfo)
   at TechTalk.SpecFlow.Infrastructure.TestExecutionEngine.FireEvents(HookType hookType) in D:\a\1\s\TechTalk.SpecFlow\Infrastructure\TestExecutionEngine.cs:line 404
   at TechTalk.SpecFlow.Infrastructure.TestExecutionEngine.OnTestRunStart() in D:\a\1\s\TechTalk.SpecFlow\Infrastructure\TestExecutionEngine.cs:line 137
   at TechTalk.SpecRun.SpecFlowPlugin.Runtime.RunnerTestExecutionEngine.OnTestRunStart()
   at TechTalk.SpecFlow.TestRunner.OnTestRunStart() in D:\a\1\s\TechTalk.SpecFlow\TestRunner.cs:line 30
   at TechTalk.SpecFlow.TestRunnerManager.FireTestRunStart() in D:\a\1\s\TechTalk.SpecFlow\TestRunnerManager.cs:line 118
   at TechTalk.SpecFlow.TestRunnerManager.OnTestRunStart(Assembly testAssembly, IContainerBuilder containerBuilder) in D:\a\1\s\TechTalk.SpecFlow\TestRunnerManager.cs:line 236
   at SeleniumCSharpSpecflowProject_SpecFlowPlusRunnerAssemblyHooks.AssemblyInitialize() in C:\Users\Yash\Documents\Projects\SeleniumSpecFlow\SeleniumSpecFlow\SeleniumCSharpSpecflowProject\obj\Debug\netcoreapp3.1\SpecFlow.Plus.Runner.AssemblyHooks.cs:line 12
   at TechTalk.SpecRun.Framework.TaskExecutors.StaticOrInstanceMethodExecutor.ExecuteInternal(ITestThreadExecutionContext testThreadExecutionContext)
   at TechTalk.SpecRun.Framework.TaskExecutors.StaticOrInstanceMethodExecutor.Execute(ITestThreadExecutionContext testThreadExecutionContext)
   at TechTalk.SpecRun.Framework.TestAssemblyExecutor.RunAssemblyInitializeExecutors(ITestAssemblyExecutorsProvider testAssemblyExecutorsProvider, ITestThreadExecutionContext testThreadExecutionContext)
   at TechTalk.SpecRun.Framework.TestAssemblyExecutor.RunTests(ITestAssemblyExecutorState executorState, ITestAssemblyExecutorsProvider testAssemblyExecutorsProvider, ITestThreadExecutionContext testThreadExecutionContext)
   at TechTalk.SpecRun.Framework.TestAssemblyExecutor.RunTests(TestThreadState testThreadState)
   at TechTalk.SpecRun.Framework.Execution.InProcess.InProcAppDomainTestAssemblyExecutor.RunTests(TestThreadState testThreadState)
   at TechTalk.SpecRun.Framework.Execution.OutOfProcess.OutOfProcessTestAssemblyExecutor.RunTests(TestThreadState testThreadState)
2021-08-31T10:09:28.2058966-07:00:2021-08-31T10:09:28.2045013-07:00:OutOfProcessTestAssemblyExecutorReceiver - Error at RunTests - BoDi.ObjectContainerException: Multiple public constructors with same maximum parameter count are not supported! System.Globalization.CultureInfo (resolution path: TechTalk.SpecFlow.FeatureContext->TechTalk.SpecFlow.FeatureInfo)
   at TechTalk.SpecFlow.Infrastructure.TestExecutionEngine.FireEvents(HookType hookType) in D:\a\1\s\TechTalk.SpecFlow\Infrastructure\TestExecutionEngine.cs:line 404
   at TechTalk.SpecFlow.Infrastructure.TestExecutionEngine.OnTestRunStart() in D:\a\1\s\TechTalk.SpecFlow\Infrastructure\TestExecutionEngine.cs:line 137
   at TechTalk.SpecRun.SpecFlowPlugin.Runtime.RunnerTestExecutionEngine.OnTestRunStart()
   at TechTalk.SpecFlow.TestRunner.OnTestRunStart() in D:\a\1\s\TechTalk.SpecFlow\TestRunner.cs:line 30
   at TechTalk.SpecFlow.TestRunnerManager.FireTestRunStart() in D:\a\1\s\TechTalk.SpecFlow\TestRunnerManager.cs:line 118
   at TechTalk.SpecFlow.TestRunnerManager.OnTestRunStart(Assembly testAssembly, IContainerBuilder containerBuilder) in D:\a\1\s\TechTalk.SpecFlow\TestRunnerManager.cs:line 236
   at SeleniumCSharpSpecflowProject_SpecFlowPlusRunnerAssemblyHooks.AssemblyInitialize() in C:\Users\Yash\Documents\Projects\SeleniumSpecFlow\SeleniumSpecFlow\SeleniumCSharpSpecflowProject\obj\Debug\netcoreapp3.1\SpecFlow.Plus.Runner.AssemblyHooks.cs:line 12
   at TechTalk.SpecRun.Framework.TaskExecutors.StaticOrInstanceMethodExecutor.ExecuteInternal(ITestThreadExecutionContext testThreadExecutionContext)
   at TechTalk.SpecRun.Framework.TaskExecutors.StaticOrInstanceMethodExecutor.Execute(ITestThreadExecutionContext testThreadExecutionContext)
   at TechTalk.SpecRun.Framework.TestAssemblyExecutor.RunAssemblyInitializeExecutors(ITestAssemblyExecutorsProvider testAssemblyExecutorsProvider, ITestThreadExecutionContext testThreadExecutionContext)
   at TechTalk.SpecRun.Framework.TestAssemblyExecutor.RunTests(ITestAssemblyExecutorState executorState, ITestAssemblyExecutorsProvider testAssemblyExecutorsProvider, ITestThreadExecutionContext testThreadExecutionContext)
   at TechTalk.SpecRun.Framework.TestAssemblyExecutor.RunTests(TestThreadState testThreadState)
   at TechTalk.SpecRun.Framework.Execution.InProcess.InProcAppDomainTestAssemblyExecutor.RunTests(TestThreadState testThreadState)
   at TechTalk.SpecRun.Framework.Execution.OutOfProcess.OutOfProcessTestAssemblyExecutor.RunTests(TestThreadState testThreadState)
   at TechTalk.SpecRun.Framework.Execution.OutOfProcess.OutOfProcessTestAssemblyExecutorReceiver.RunTests(TestThreadState testThreadState)
2021-08-31T10:09:28.5119966-07:00:test thread #0 error: StreamJsonRpc.RemoteInvocationException: Multiple public constructors with same maximum parameter count are not supported! System.Globalization.CultureInfo (resolution path: TechTalk.SpecFlow.FeatureContext->TechTalk.SpecFlow.FeatureInfo)
   at StreamJsonRpc.JsonRpc.InvokeCoreAsync[TResult](Nullable`1 id, String targetName, IReadOnlyList`1 arguments, CancellationToken cancellationToken, Boolean isParameterObject)
   at TechTalk.SpecFlow.Plus.RPC.TcpRpcClient.Invoke[T](String methodName, Object[] parameters)
   at TechTalk.SpecFlow.Plus.RPC.AsyncHelper.RunSync[TResult](Func`1 func)
   at TechTalk.SpecRun.Framework.Execution.OutOfProc.StreamJsonRPC.OutOfProcessTestAssemblyExecutorClient.RunTests(TestThreadState testThreadState)
   at TechTalk.SpecRun.Framework.Execution.OutOfProc.StreamJsonRPC.RemoteExecutor.RunTests(TestThreadState testThreadState)
   at TechTalk.SpecRun.Framework.Execution.OutOfProc.StreamJsonRPC.OutOfProcessTestAssemblyExecutorHost.RunTests(TestThreadState testThreadState)
   at TechTalk.SpecRun.Framework.TestThread.RunNonEmptyTestSuite(CancellationToken cancellationToken, TestThreadState testThreadState)
   at TechTalk.SpecRun.Framework.TestThread.Run(ITestExecutionManager executionManagerForRun, CancellationToken cancellationToken)
   at TechTalk.SpecRun.Framework.AsyncTestThreadRunner.RunSync(TestExecutionManager executionManager, CancellationToken cancellationToken)
2021-08-31T10:09:28.5154632-07:00:test thread error: TechTalk.SpecRun.Framework.SpecRunException: At least one test thread aborted.
 ---> StreamJsonRpc.RemoteInvocationException: Multiple public constructors with same maximum parameter count are not supported! System.Globalization.CultureInfo (resolution path: TechTalk.SpecFlow.FeatureContext->TechTalk.SpecFlow.FeatureInfo)
   at StreamJsonRpc.JsonRpc.InvokeCoreAsync[TResult](Nullable`1 id, String targetName, IReadOnlyList`1 arguments, CancellationToken cancellationToken, Boolean isParameterObject)
   at TechTalk.SpecFlow.Plus.RPC.TcpRpcClient.Invoke[T](String methodName, Object[] parameters)
   at TechTalk.SpecFlow.Plus.RPC.AsyncHelper.RunSync[TResult](Func`1 func)
   at TechTalk.SpecRun.Framework.Execution.OutOfProc.StreamJsonRPC.OutOfProcessTestAssemblyExecutorClient.RunTests(TestThreadState testThreadState)
   at TechTalk.SpecRun.Framework.Execution.OutOfProc.StreamJsonRPC.RemoteExecutor.RunTests(TestThreadState testThreadState)
   at TechTalk.SpecRun.Framework.Execution.OutOfProc.StreamJsonRPC.OutOfProcessTestAssemblyExecutorHost.RunTests(TestThreadState testThreadState)
   at TechTalk.SpecRun.Framework.TestThread.RunNonEmptyTestSuite(CancellationToken cancellationToken, TestThreadState testThreadState)
   at TechTalk.SpecRun.Framework.TestThread.Run(ITestExecutionManager executionManagerForRun, CancellationToken cancellationToken)
   at TechTalk.SpecRun.Framework.AsyncTestThreadRunner.RunSync(TestExecutionManager executionManager, CancellationToken cancellationToken)
   --- End of inner exception stack trace ---
2021-08-31T10:09:28.5553485-07:00:Thread#-1: Test #4/0 is started on thread #-1
2021-08-31T10:09:28.5600506-07:00:Thread#-1: Test #4/0 is finished on thread #-1 as Skipped within 0.0019305 seconds
2021-08-31T10:09:28.5655521-07:00:Thread#-1:Scheduler: get next test for thread -1
2021-08-31T10:09:28.5656537-07:00:Thread#:Scheduler: testitem #5 from normal test queue 
2021-08-31T10:09:28.5656701-07:00:Thread#-1:Scheduler: considering testitem #5 for thread -1
2021-08-31T10:09:28.5656784-07:00:Thread#-1:Scheduler: using testitem #5 for thread -1
2021-08-31T10:09:28.5656898-07:00:Thread#-1:Scheduler: Test #5 is scheduled for thread
2021-08-31T10:09:28.5658370-07:00:Thread#-1: Test #5/0 is started on thread #-1
2021-08-31T10:09:28.5782682-07:00:Thread#-1: Test #5/0 is finished on thread #-1 as Skipped within 1.42E-05 seconds
2021-08-31T10:09:28.5786057-07:00:Thread#-1:Scheduler: get next test for thread -1
2021-08-31T10:09:28.5786578-07:00:Thread#:Scheduler: at the end of normal test queue
2021-08-31T10:09:28.5786679-07:00:Thread#-1:Scheduler: enumerator for thread is at end
2021-08-31T10:09:28.6942821-07:00;Thread#12;Info;test run finished
2021-08-31T10:09:28.6945217-07:00;Thread#12;Info;publishing test results
2021-08-31T10:09:28.6948011-07:00;Thread#12;Info;Not publishing results.
2021-08-31T10:09:28.6949359-07:00;Thread#12;Info;test results published
2021-08-31T10:09:28.6950328-07:00;Thread#12;Info;generating reports
2021-08-31T10:09:29.0344703-07:00;Thread#12;Info;Starting external report generation process
2021-08-31T10:09:43.4323125-07:00;Thread#12;Info;Successfully generated reports.
2021-08-31T10:09:43.5056511-07:00;Thread#12;Info;Successfully generated reports
2021-08-31T10:09:43.5608599-07:00:Total: 2
2021-08-31T10:09:43.5689131-07:00:Succeeded: 0
2021-08-31T10:09:43.5698593-07:00:Ignored: 0
2021-08-31T10:09:43.5706258-07:00:Pending: 0
2021-08-31T10:09:43.5706622-07:00:Skipped: 2
2021-08-31T10:09:43.5713483-07:00:Failed: 0
2021-08-31T10:09:43.6885533-07:00;VSTestExecutionThread;Info;Adding attachments to VSTest
2021-08-31T10:09:43.6886901-07:00;VSTestExecutionThread;Info;adding Test Execution Report 'C:\Users\Yash\Documents\Projects\SeleniumSpecFlow\SeleniumSpecFlow\TestResults\Unnamed project__2021-08-31T100918.html'
========== End of log file ==========
