2021-08-31T01:53:33.4059557-07:00;VSTestExecutionThread;Info;SpecFlow+Runner execution started
2021-08-31T01:53:33.4063425-07:00;VSTestExecutionThread;Info;SpecFlow+Runner 3.9.7 in Framework netcore31 in x64 mode execution started
2021-08-31T01:53:33.4063567-07:00;VSTestExecutionThread;Info;TestAdapter Location: C:\Users\Yash\source\repos\SeleniumCSharpSpecflowProject\SeleniumCSharpSpecflowProject\bin\Debug\netcoreapp3.1\TechTalk.SpecRun.VisualStudio.TestAdapter.dll
2021-08-31T01:53:33.4305798-07:00;VSTestExecutionThread;Info;Current UserName: 'Yash', MachineName: 'DESKTOP-HBFE069'
2021-08-31T01:53:33.4815682-07:00;VSTestExecutionThread;Info;SpecRun: running tests in C:\Users\Yash\source\repos\SeleniumCSharpSpecflowProject\SeleniumCSharpSpecflowProject\bin\Debug\netcoreapp3.1\SeleniumCSharpSpecflowProject.dll
2021-08-31T01:53:33.4819001-07:00;VSTestExecutionThread;Info;Output folder configured to "C:\Users\Yash\source\repos\SeleniumCSharpSpecflowProject\TestResults" (default)
2021-08-31T01:53:33.4820202-07:00;VSTestExecutionThread;Info;Profile: 
2021-08-31T01:53:33.5670402-07:00;VSTestExecutionThread;Info;Log file path: C:\Users\Yash\source\repos\SeleniumCSharpSpecflowProject\TestResults\Unnamed project__2021-08-31T015333.log
2021-08-31T01:53:33.5757290-07:00;Thread#12;Info;Checking activation
2021-08-31T01:53:33.8079339-07:00;Thread#12;Info;Activated.
2021-08-31T01:53:33.8083093-07:00;Thread#12;Info;Activation check completed
2021-08-31T01:53:33.8084547-07:00;Thread#12;Info;Starting test run
2021-08-31T01:53:34.0440813-07:00;Thread#12;Info;Discovering target: Default
2021-08-31T01:53:34.0443912-07:00;Thread#12;Info;Discovering tests from assembly: C:\Users\Yash\source\repos\SeleniumCSharpSpecflowProject\SeleniumCSharpSpecflowProject\bin\Debug\netcoreapp3.1\SeleniumCSharpSpecflowProject.dll
2021-08-31T01:53:34.2241743-07:00;Thread#12;Info;Discovered tests from assembly: C:\Users\Yash\source\repos\SeleniumCSharpSpecflowProject\SeleniumCSharpSpecflowProject\bin\Debug\netcoreapp3.1\SeleniumCSharpSpecflowProject.dll
2021-08-31T01:53:34.2264788-07:00:Test Suite Dump
2021-08-31T01:53:34.2296037-07:00:#0: Unnamed project/ - 
2021-08-31T01:53:34.2296459-07:00:#1: Default - 
2021-08-31T01:53:34.2296514-07:00:#2: SeleniumCSharpSpecflowProject - 
2021-08-31T01:53:34.2296552-07:00:#3: CreateUser - 
2021-08-31T01:53:34.2316070-07:00:#4: Launch application and Create user and validate the user is create successfully - TestAssembly:SeleniumCSharpSpecflowProject/Feature:CreateUser/Scenario:Launch+application+and+Create+user+and+validate+the+user+is+create+successfully
2021-08-31T01:53:34.2317909-07:00:End: Test Suite Dump
2021-08-31T01:53:34.3299514-07:00:Thread#0:Scheduler: get next test for thread 0
2021-08-31T01:53:34.3329878-07:00:Thread#:Scheduler: testitem #4 from normal test queue 
2021-08-31T01:53:34.3330826-07:00:Thread#0:Scheduler: considering testitem #4 for thread 0
2021-08-31T01:53:34.3389523-07:00:Thread#0:TestItem#4:testItemMatchesCurrentTestThread:UnSpecific
2021-08-31T01:53:34.3389945-07:00:Thread#0:TestItem#4:runsOnOneOtherThreadSpecific:False
2021-08-31T01:53:34.3390137-07:00:Thread#0:TestItem#4:runsOnOneOtherThreadUnspecific:False
2021-08-31T01:53:34.3390225-07:00:Thread#0:Scheduler: using testitem #4 for thread 0
2021-08-31T01:53:34.3406109-07:00:Thread#0:Scheduler: Test #4 is scheduled for thread
2021-08-31T01:53:34.3423747-07:00:Thread#0:Scheduler: with testItemExecutionIndex 0
2021-08-31T01:53:34.3461251-07:00:Thread #0: creating new test thread executor for SeleniumCSharpSpecflowProject, Version=1.0.0.0, Culture=neutral, PublicKeyToken=null (target: Default)
2021-08-31T01:53:34.3502316-07:00:Thread #0: Creating test assembly executor for execution model OutProc
2021-08-31T01:53:34.3506026-07:00:Thread #0: Creating test assembly executor for execution model OutProc
2021-08-31T01:53:34.4572113-07:00:Thread #0: using TechTalk.SpecRun.Framework.Execution.OutOfProc.StreamJsonRPC.OutOfProcessTestAssemblyExecutorHost to execute tests
2021-08-31T01:53:34.4947920-07:00:starting Out Of Process Executor
2021-08-31T01:53:34.6392078-07:00:Assembly resolving Microsoft.VisualStudio.Validation, Version=15.3.0.0, Culture=neutral, PublicKeyToken=b03f5f7f11d50a3a
2021-08-31T01:53:34.6901677-07:00:[AssemblyCache] Trying to resolve 'Microsoft.VisualStudio.Validation' from .deps.json file
2021-08-31T01:53:34.6902092-07:00:[AssemblyCache] Could not resolve 'Microsoft.VisualStudio.Validation' from .deps.json
2021-08-31T01:53:34.6921973-07:00:[AssemblyCache] Trying to resolve 'Microsoft.VisualStudio.Validation' in folder 'C:\Users\Yash\source\repos\SeleniumCSharpSpecflowProject\SeleniumCSharpSpecflowProject\bin\Debug\netcoreapp3.1'
2021-08-31T01:53:34.6929080-07:00:[AssemblyCache] Trying to resolve 'Microsoft.VisualStudio.Validation' to 'C:\Users\Yash\source\repos\SeleniumCSharpSpecflowProject\SeleniumCSharpSpecflowProject\bin\Debug\netcoreapp3.1\Microsoft.VisualStudio.Validation.dll'
2021-08-31T01:53:34.6931585-07:00:[AssemblyCache] Trying to resolve 'Microsoft.VisualStudio.Validation' to 'C:\Users\Yash\source\repos\SeleniumCSharpSpecflowProject\SeleniumCSharpSpecflowProject\bin\Debug\netcoreapp3.1\Microsoft.VisualStudio.Validation.exe'
2021-08-31T01:53:34.6932561-07:00:[AssemblyCache] Could not resolve 'Microsoft.VisualStudio.Validation' in folder 'C:\Users\Yash\source\repos\SeleniumCSharpSpecflowProject\SeleniumCSharpSpecflowProject\bin\Debug\netcoreapp3.1'
2021-08-31T01:53:34.6936119-07:00:TargetFramework: .NETCoreApp,Version=v3.1
2021-08-31T01:53:34.6946201-07:00:Tfm: netcoreapp3.1
2021-08-31T01:53:34.6946532-07:00:[AssemblyCache] Trying to resolve 'Microsoft.VisualStudio.Validation' in folder 'C:\Users\Yash\source\repos\SeleniumCSharpSpecflowProject\SeleniumCSharpSpecflowProject\bin\Debug\netcoreapp3.1\SpecFlowPlusRunner\netcoreapp3.1'
2021-08-31T01:53:34.6946576-07:00:[AssemblyCache] Trying to resolve 'Microsoft.VisualStudio.Validation' to 'C:\Users\Yash\source\repos\SeleniumCSharpSpecflowProject\SeleniumCSharpSpecflowProject\bin\Debug\netcoreapp3.1\SpecFlowPlusRunner\netcoreapp3.1\Microsoft.VisualStudio.Validation.dll'
2021-08-31T01:53:34.6948180-07:00:[AssemblyCache] Found file 'C:\Users\Yash\source\repos\SeleniumCSharpSpecflowProject\SeleniumCSharpSpecflowProject\bin\Debug\netcoreapp3.1\SpecFlowPlusRunner\netcoreapp3.1\Microsoft.VisualStudio.Validation.dll' for assembly 'Microsoft.VisualStudio.Validation'
2021-08-31T01:53:34.6955404-07:00:[AssemblyCache] Resolved 'Microsoft.VisualStudio.Validation' to C:\Users\Yash\source\repos\SeleniumCSharpSpecflowProject\SeleniumCSharpSpecflowProject\bin\Debug\netcoreapp3.1\SpecFlowPlusRunner\netcoreapp3.1\Microsoft.VisualStudio.Validation.dll
2021-08-31T01:53:34.7385005-07:00:Starting callback TCP Rpc server
2021-08-31T01:53:35.0367543-07:00:Asynchronously starting background TCP Rpc Server on port 32768
2021-08-31T01:53:35.0368434-07:00:Started callback TCP Rpc server on port 32768
2021-08-31T01:53:35.0368536-07:00:Starting logger TCP Rpc server
2021-08-31T01:53:35.0398737-07:00:Asynchronously starting background TCP Rpc Server on port 32769
2021-08-31T01:53:35.0399145-07:00:Started logger TCP Rpc server on port 32769
2021-08-31T01:53:36.1125910-07:00:Executing test executor at 'dotnet' 'exec "C:\Users\Yash\source\repos\SeleniumCSharpSpecflowProject\SeleniumCSharpSpecflowProject\bin\Debug\netcoreapp3.1\SpecFlowPlusRunner\netcoreapp3.1\TechTalk.SpecRun.Framework.Executor.anycpu.netcoreapp3_1.dll" --remoteRunnerPid 12788 --uniqueId "2021-08-31T015333" --outputFolder "C:\Users\Yash\source\repos\SeleniumCSharpSpecflowProject\TestResults" --callbackPort 32768 --loggerPort 32769' in 'C:\Users\Yash\source\repos\SeleniumCSharpSpecflowProject\SeleniumCSharpSpecflowProject\bin\Debug\netcoreapp3.1'
2021-08-31T01:53:36.3433834-07:00:Executor with PID 16020 has been started successfully.
2021-08-31T01:53:36.3483717-07:00:Out of Process Executor 16020 started
2021-08-31T01:53:36.3483979-07:00:Waiting for endpoint
2021-08-31T01:53:39.5285482-07:00:Assembly resolving Microsoft.VisualStudio.Threading, Version=15.3.0.0, Culture=neutral, PublicKeyToken=b03f5f7f11d50a3a
2021-08-31T01:53:39.5286308-07:00:[AssemblyCache] Trying to resolve 'Microsoft.VisualStudio.Threading' from .deps.json file
2021-08-31T01:53:39.5286347-07:00:[AssemblyCache] Could not resolve 'Microsoft.VisualStudio.Threading' from .deps.json
2021-08-31T01:53:39.5286444-07:00:[AssemblyCache] Trying to resolve 'Microsoft.VisualStudio.Threading' in folder 'C:\Users\Yash\source\repos\SeleniumCSharpSpecflowProject\SeleniumCSharpSpecflowProject\bin\Debug\netcoreapp3.1'
2021-08-31T01:53:39.5286468-07:00:[AssemblyCache] Trying to resolve 'Microsoft.VisualStudio.Threading' to 'C:\Users\Yash\source\repos\SeleniumCSharpSpecflowProject\SeleniumCSharpSpecflowProject\bin\Debug\netcoreapp3.1\Microsoft.VisualStudio.Threading.dll'
2021-08-31T01:53:39.5287028-07:00:[AssemblyCache] Trying to resolve 'Microsoft.VisualStudio.Threading' to 'C:\Users\Yash\source\repos\SeleniumCSharpSpecflowProject\SeleniumCSharpSpecflowProject\bin\Debug\netcoreapp3.1\Microsoft.VisualStudio.Threading.exe'
2021-08-31T01:53:39.5287414-07:00:[AssemblyCache] Could not resolve 'Microsoft.VisualStudio.Threading' in folder 'C:\Users\Yash\source\repos\SeleniumCSharpSpecflowProject\SeleniumCSharpSpecflowProject\bin\Debug\netcoreapp3.1'
2021-08-31T01:53:39.5287493-07:00:TargetFramework: .NETCoreApp,Version=v3.1
2021-08-31T01:53:39.5288152-07:00:Tfm: netcoreapp3.1
2021-08-31T01:53:39.5288264-07:00:[AssemblyCache] Trying to resolve 'Microsoft.VisualStudio.Threading' in folder 'C:\Users\Yash\source\repos\SeleniumCSharpSpecflowProject\SeleniumCSharpSpecflowProject\bin\Debug\netcoreapp3.1\SpecFlowPlusRunner\netcoreapp3.1'
2021-08-31T01:53:39.5288283-07:00:[AssemblyCache] Trying to resolve 'Microsoft.VisualStudio.Threading' to 'C:\Users\Yash\source\repos\SeleniumCSharpSpecflowProject\SeleniumCSharpSpecflowProject\bin\Debug\netcoreapp3.1\SpecFlowPlusRunner\netcoreapp3.1\Microsoft.VisualStudio.Threading.dll'
2021-08-31T01:53:39.5288842-07:00:[AssemblyCache] Found file 'C:\Users\Yash\source\repos\SeleniumCSharpSpecflowProject\SeleniumCSharpSpecflowProject\bin\Debug\netcoreapp3.1\SpecFlowPlusRunner\netcoreapp3.1\Microsoft.VisualStudio.Threading.dll' for assembly 'Microsoft.VisualStudio.Threading'
2021-08-31T01:53:39.5293445-07:00:[AssemblyCache] Resolved 'Microsoft.VisualStudio.Threading' to C:\Users\Yash\source\repos\SeleniumCSharpSpecflowProject\SeleniumCSharpSpecflowProject\bin\Debug\netcoreapp3.1\SpecFlowPlusRunner\netcoreapp3.1\Microsoft.VisualStudio.Threading.dll
2021-08-31T01:53:39.7437017-07:00:Remote executor port received: 32770
2021-08-31T01:53:39.7440055-07:00:Creating executor TCP client on port 32770
2021-08-31T01:53:39.7443198-07:00:Created executor TCP client on port 32770
2021-08-31T01:53:39.7443291-07:00:Connecting to remote executor TCP server
2021-08-31T01:53:39.7451047-07:00:Connected remote executor TCP server
2021-08-31T01:53:39.7452276-07:00:trying to connect to Out of Process Executor the 1 attempt
2021-08-31T01:53:39.7452398-07:00:Connection to Out of Process Executor established in the 1 attempt
2021-08-31T01:53:39.9111149-07:00:2021-08-31T01:53:39.9101883-07:00:OutOfProcessTestAssemblyExecutor: initialized for C:\Users\Yash\source\repos\SeleniumCSharpSpecflowProject\SeleniumCSharpSpecflowProject\bin\Debug\netcoreapp3.1\SeleniumCSharpSpecflowProject.dll on test thread #0
2021-08-31T01:53:39.9158411-07:00:Endpoint 16020 started
2021-08-31T01:53:39.9328752-07:00:2021-08-31T01:53:39.9325021-07:00:OutOfProcessTestAssemblyExecutor: running tests...
2021-08-31T01:53:40.0266298-07:00:2021-08-31T01:53:40.0261487-07:00:Assembly resolving TechTalk.SpecFlow, Version=3.9.0.0, Culture=neutral, PublicKeyToken=0778194805d6db41
2021-08-31T01:53:40.0298973-07:00:2021-08-31T01:53:40.0294598-07:00:[AssemblyCache] Trying to resolve 'TechTalk.SpecFlow' from .deps.json file
2021-08-31T01:53:40.0326501-07:00:2021-08-31T01:53:40.0321989-07:00:[AssemblyCache] Resolved 'TechTalk.SpecFlow' to 'C:\Users\Yash\.nuget\packages\specflow\3.9.8\lib\netstandard2.0\TechTalk.SpecFlow.dll'
2021-08-31T01:53:40.1543440-07:00:2021-08-31T01:53:40.1539066-07:00:Thread#0:T:-> Loading plugin C:\Users\Yash\source\repos\SeleniumCSharpSpecflowProject\SeleniumCSharpSpecflowProject\bin\Debug\netcoreapp3.1\SeleniumCSharpSpecflowProject.dll
2021-08-31T01:53:40.1555192-07:00:2021-08-31T01:53:40.1552112-07:00:Assembly resolving Microsoft.Extensions.DependencyModel, Version=1.0.1.0, Culture=neutral, PublicKeyToken=adb9793829ddae60
2021-08-31T01:53:40.1559900-07:00:2021-08-31T01:53:40.1557581-07:00:[AssemblyCache] Trying to resolve 'Microsoft.Extensions.DependencyModel' from .deps.json file
2021-08-31T01:53:40.1568588-07:00:2021-08-31T01:53:40.1563707-07:00:[AssemblyCache] Resolved 'Microsoft.Extensions.DependencyModel' to 'C:\Users\Yash\.nuget\packages\microsoft.extensions.dependencymodel\1.0.3\lib\netstandard1.6\Microsoft.Extensions.DependencyModel.dll'
2021-08-31T01:53:40.1994886-07:00:2021-08-31T01:53:40.1989979-07:00:Assembly resolving Microsoft.DotNet.PlatformAbstractions, Version=1.0.1.0, Culture=neutral, PublicKeyToken=adb9793829ddae60
2021-08-31T01:53:40.2000207-07:00:2021-08-31T01:53:40.1997843-07:00:[AssemblyCache] Trying to resolve 'Microsoft.DotNet.PlatformAbstractions' from .deps.json file
2021-08-31T01:53:40.2016367-07:00:2021-08-31T01:53:40.2005072-07:00:[AssemblyCache] Resolved 'Microsoft.DotNet.PlatformAbstractions' to 'C:\Users\Yash\.nuget\packages\microsoft.dotnet.platformabstractions\1.0.3\lib\netstandard1.3\Microsoft.DotNet.PlatformAbstractions.dll'
2021-08-31T01:53:40.2090713-07:00:2021-08-31T01:53:40.2086343-07:00:Thread#0:T:-> Missing [assembly:RuntimePlugin] attribute in SeleniumCSharpSpecflowProject, Version=1.0.0.0, Culture=neutral, PublicKeyToken=null. Please check https://go.specflow.org/doc-plugins for details.
2021-08-31T01:53:40.2097739-07:00:2021-08-31T01:53:40.2094027-07:00:Thread#0:T:-> Loading plugin C:\Users\Yash\source\repos\SeleniumCSharpSpecflowProject\SeleniumCSharpSpecflowProject\bin\Debug\netcoreapp3.1\LivingDoc.SpecFlowPlugin.dll
2021-08-31T01:53:40.2124129-07:00:2021-08-31T01:53:40.2119822-07:00:Assembly resolving LivingDoc.Dtos, Version=3.9.0.0, Culture=neutral, PublicKeyToken=null
2021-08-31T01:53:40.2130645-07:00:2021-08-31T01:53:40.2127435-07:00:[AssemblyCache] Trying to resolve 'LivingDoc.Dtos' from .deps.json file
2021-08-31T01:53:40.2144179-07:00:2021-08-31T01:53:40.2140146-07:00:[AssemblyCache] Resolved 'LivingDoc.Dtos' to 'C:\Users\Yash\.nuget\packages\specflow.plus.livingdocplugin\3.9.50\lib\netstandard2.0\LivingDoc.Dtos.dll'
2021-08-31T01:53:40.2170348-07:00:2021-08-31T01:53:40.2165250-07:00:Thread#0:T:-> Loading plugin C:\Users\Yash\source\repos\SeleniumCSharpSpecflowProject\SeleniumCSharpSpecflowProject\bin\Debug\netcoreapp3.1\SpecRun.Runtime.SpecFlowPlugin.dll
2021-08-31T01:53:40.2250351-07:00:2021-08-31T01:53:40.2245516-07:00:Thread#0:T:-> Using default config
2021-08-31T01:53:40.2339479-07:00:2021-08-31T01:53:40.2334401-07:00:Assembly resolving Cucumber.Messages, Version=6.0.1.0, Culture=neutral, PublicKeyToken=b10c5988214f940c
2021-08-31T01:53:40.2345543-07:00:2021-08-31T01:53:40.2342561-07:00:[AssemblyCache] Trying to resolve 'Cucumber.Messages' from .deps.json file
2021-08-31T01:53:40.2351786-07:00:2021-08-31T01:53:40.2348762-07:00:[AssemblyCache] Resolved 'Cucumber.Messages' to 'C:\Users\Yash\.nuget\packages\cucumber.messages\6.0.1\lib\netstandard2.0\Cucumber.Messages.dll'
2021-08-31T01:53:40.2368312-07:00:2021-08-31T01:53:40.2363850-07:00:Assembly resolving Google.Protobuf, Version=3.7.0.0, Culture=neutral, PublicKeyToken=a7d26565bac4d604
2021-08-31T01:53:40.2413149-07:00:2021-08-31T01:53:40.2371100-07:00:[AssemblyCache] Trying to resolve 'Google.Protobuf' from .deps.json file
2021-08-31T01:53:40.2421466-07:00:2021-08-31T01:53:40.2418570-07:00:[AssemblyCache] Resolved 'Google.Protobuf' to 'C:\Users\Yash\.nuget\packages\google.protobuf\3.7.0\lib\netstandard1.0\Google.Protobuf.dll'
2021-08-31T01:53:40.2473946-07:00:2021-08-31T01:53:40.2470184-07:00:Assembly resolving Microsoft.VisualStudio.TestPlatform.ObjectModel, Version=15.0.0.0, Culture=neutral, PublicKeyToken=b03f5f7f11d50a3a
2021-08-31T01:53:40.2546155-07:00:2021-08-31T01:53:40.2476566-07:00:[AssemblyCache] Trying to resolve 'Microsoft.VisualStudio.TestPlatform.ObjectModel' from .deps.json file
2021-08-31T01:53:40.2556795-07:00:2021-08-31T01:53:40.2552884-07:00:[AssemblyCache] Resolved 'Microsoft.VisualStudio.TestPlatform.ObjectModel' to 'C:\Users\Yash\.nuget\packages\microsoft.testplatform.objectmodel\16.5.0\lib\netstandard2.0\Microsoft.VisualStudio.TestPlatform.ObjectModel.dll'
2021-08-31T01:53:40.2728744-07:00:2021-08-31T01:53:40.2724268-07:00:Thread#0:T:-> error: The binding methods for before/after feature and before/after test run events must be static! SeleniumCSharpSpecflowProject:SeleniumCSharpSpecflowProject.ReporterClass.createExtentHtmlReporter() (0.0s)
2021-08-31T01:53:42.0456411-07:00:2021-08-31T01:53:42.0426667-07:00:OutOfProcessTestAssemblyExecutor: RunTest error: TechTalk.SpecFlow.BindingException: The binding methods for before/after feature and before/after test run events must be static! SeleniumCSharpSpecflowProject:SeleniumCSharpSpecflowProject.ReporterClass.createExtentHtmlReporter()
   at TechTalk.SpecFlow.ErrorHandling.ErrorProvider.GetNonStaticEventError(IBindingMethod method) in D:\a\1\s\TechTalk.SpecFlow\ErrorHandling\ErrorProvider.cs:line 128
   at TechTalk.SpecFlow.Bindings.Discovery.RuntimeBindingSourceProcessor.ValidateHook(BindingSourceMethod bindingSourceMethod, BindingSourceAttribute hookAttribute, HookType hookType) in D:\a\1\s\TechTalk.SpecFlow\Bindings\Discovery\RuntimeBindingSourceProcessor.cs:line 54
   at TechTalk.SpecFlow.Bindings.Discovery.BindingSourceProcessor.ProcessHookAttribute(BindingSourceMethod bindingSourceMethod, BindingSourceAttribute hookAttribute, BindingScope scope) in D:\a\1\s\TechTalk.SpecFlow\Bindings\Discovery\BindingSourceProcessor.cs:line 168
   at TechTalk.SpecFlow.Bindings.Discovery.BindingSourceProcessor.<>c__DisplayClass21_0.<ProcessHookAttribute>b__1(BindingScope scope) in D:\a\1\s\TechTalk.SpecFlow\Bindings\Discovery\BindingSourceProcessor.cs:line 149
   at TechTalk.SpecFlow.Bindings.Discovery.BindingSourceProcessor.ProcessHookAttribute(BindingSourceMethod bindingSourceMethod, BindingScope[] methodScopes, BindingSourceAttribute hookAttribute) in D:\a\1\s\TechTalk.SpecFlow\Bindings\Discovery\BindingSourceProcessor.cs:line 150
   at TechTalk.SpecFlow.Bindings.Discovery.BindingSourceProcessor.ProcessHooks(BindingSourceMethod bindingSourceMethod, BindingScope[] methodScopes) in D:\a\1\s\TechTalk.SpecFlow\Bindings\Discovery\BindingSourceProcessor.cs:line 121
   at TechTalk.SpecFlow.Bindings.Discovery.BindingSourceProcessor.ProcessMethod(BindingSourceMethod bindingSourceMethod) in D:\a\1\s\TechTalk.SpecFlow\Bindings\Discovery\BindingSourceProcessor.cs:line 108
   at TechTalk.SpecFlow.Bindings.Discovery.RuntimeBindingRegistryBuilder.BuildBindingsFromType(Type type) in D:\a\1\s\TechTalk.SpecFlow\Bindings\Discovery\RuntimeBindingRegistryBuilder.cs:line 49
   at TechTalk.SpecFlow.Bindings.Discovery.RuntimeBindingRegistryBuilder.BuildBindingsFromAssembly(Assembly assembly) in D:\a\1\s\TechTalk.SpecFlow\Bindings\Discovery\RuntimeBindingRegistryBuilder.cs:line 25
   at TechTalk.SpecFlow.TestRunnerManager.BuildBindingRegistry(IEnumerable`1 bindingAssemblies) in D:\a\1\s\TechTalk.SpecFlow\TestRunnerManager.cs:line 92
   at TechTalk.SpecFlow.TestRunnerManager.InitializeBindingRegistry(ITestRunner testRunner) in D:\a\1\s\TechTalk.SpecFlow\TestRunnerManager.cs:line 75
   at TechTalk.SpecFlow.TestRunnerManager.CreateTestRunner(Int32 threadId) in D:\a\1\s\TechTalk.SpecFlow\TestRunnerManager.cs:line 63
   at TechTalk.SpecFlow.TestRunnerManager.GetTestRunnerWithoutExceptionHandling(Int32 threadId) in D:\a\1\s\TechTalk.SpecFlow\TestRunnerManager.cs:line 155
   at TechTalk.SpecFlow.TestRunnerManager.GetTestRunner(Int32 threadId) in D:\a\1\s\TechTalk.SpecFlow\TestRunnerManager.cs:line 136
   at TechTalk.SpecFlow.TestRunnerManager.OnTestRunStart(Assembly testAssembly, IContainerBuilder containerBuilder) in D:\a\1\s\TechTalk.SpecFlow\TestRunnerManager.cs:line 232
   at SeleniumCSharpSpecflowProject_SpecFlowPlusRunnerAssemblyHooks.AssemblyInitialize() in C:\Users\Yash\source\repos\SeleniumCSharpSpecflowProject\SeleniumCSharpSpecflowProject\obj\Debug\netcoreapp3.1\SpecFlow.Plus.Runner.AssemblyHooks.cs:line 12
   at TechTalk.SpecRun.Framework.TaskExecutors.StaticOrInstanceMethodExecutor.ExecuteInternal(ITestThreadExecutionContext testThreadExecutionContext)
   at TechTalk.SpecRun.Framework.TaskExecutors.StaticOrInstanceMethodExecutor.Execute(ITestThreadExecutionContext testThreadExecutionContext)
   at TechTalk.SpecRun.Framework.TestAssemblyExecutor.RunAssemblyInitializeExecutors(ITestAssemblyExecutorsProvider testAssemblyExecutorsProvider, ITestThreadExecutionContext testThreadExecutionContext)
   at TechTalk.SpecRun.Framework.TestAssemblyExecutor.RunTests(ITestAssemblyExecutorState executorState, ITestAssemblyExecutorsProvider testAssemblyExecutorsProvider, ITestThreadExecutionContext testThreadExecutionContext)
   at TechTalk.SpecRun.Framework.TestAssemblyExecutor.RunTests(TestThreadState testThreadState)
   at TechTalk.SpecRun.Framework.Execution.InProcess.InProcAppDomainTestAssemblyExecutor.RunTests(TestThreadState testThreadState)
   at TechTalk.SpecRun.Framework.Execution.OutOfProcess.OutOfProcessTestAssemblyExecutor.RunTests(TestThreadState testThreadState)
2021-08-31T01:53:42.0499444-07:00:2021-08-31T01:53:42.0480529-07:00:OutOfProcessTestAssemblyExecutorReceiver - Error at RunTests - TechTalk.SpecFlow.BindingException: The binding methods for before/after feature and before/after test run events must be static! SeleniumCSharpSpecflowProject:SeleniumCSharpSpecflowProject.ReporterClass.createExtentHtmlReporter()
   at TechTalk.SpecFlow.ErrorHandling.ErrorProvider.GetNonStaticEventError(IBindingMethod method) in D:\a\1\s\TechTalk.SpecFlow\ErrorHandling\ErrorProvider.cs:line 128
   at TechTalk.SpecFlow.Bindings.Discovery.RuntimeBindingSourceProcessor.ValidateHook(BindingSourceMethod bindingSourceMethod, BindingSourceAttribute hookAttribute, HookType hookType) in D:\a\1\s\TechTalk.SpecFlow\Bindings\Discovery\RuntimeBindingSourceProcessor.cs:line 54
   at TechTalk.SpecFlow.Bindings.Discovery.BindingSourceProcessor.ProcessHookAttribute(BindingSourceMethod bindingSourceMethod, BindingSourceAttribute hookAttribute, BindingScope scope) in D:\a\1\s\TechTalk.SpecFlow\Bindings\Discovery\BindingSourceProcessor.cs:line 168
   at TechTalk.SpecFlow.Bindings.Discovery.BindingSourceProcessor.<>c__DisplayClass21_0.<ProcessHookAttribute>b__1(BindingScope scope) in D:\a\1\s\TechTalk.SpecFlow\Bindings\Discovery\BindingSourceProcessor.cs:line 149
   at TechTalk.SpecFlow.Bindings.Discovery.BindingSourceProcessor.ProcessHookAttribute(BindingSourceMethod bindingSourceMethod, BindingScope[] methodScopes, BindingSourceAttribute hookAttribute) in D:\a\1\s\TechTalk.SpecFlow\Bindings\Discovery\BindingSourceProcessor.cs:line 150
   at TechTalk.SpecFlow.Bindings.Discovery.BindingSourceProcessor.ProcessHooks(BindingSourceMethod bindingSourceMethod, BindingScope[] methodScopes) in D:\a\1\s\TechTalk.SpecFlow\Bindings\Discovery\BindingSourceProcessor.cs:line 121
   at TechTalk.SpecFlow.Bindings.Discovery.BindingSourceProcessor.ProcessMethod(BindingSourceMethod bindingSourceMethod) in D:\a\1\s\TechTalk.SpecFlow\Bindings\Discovery\BindingSourceProcessor.cs:line 108
   at TechTalk.SpecFlow.Bindings.Discovery.RuntimeBindingRegistryBuilder.BuildBindingsFromType(Type type) in D:\a\1\s\TechTalk.SpecFlow\Bindings\Discovery\RuntimeBindingRegistryBuilder.cs:line 49
   at TechTalk.SpecFlow.Bindings.Discovery.RuntimeBindingRegistryBuilder.BuildBindingsFromAssembly(Assembly assembly) in D:\a\1\s\TechTalk.SpecFlow\Bindings\Discovery\RuntimeBindingRegistryBuilder.cs:line 25
   at TechTalk.SpecFlow.TestRunnerManager.BuildBindingRegistry(IEnumerable`1 bindingAssemblies) in D:\a\1\s\TechTalk.SpecFlow\TestRunnerManager.cs:line 92
   at TechTalk.SpecFlow.TestRunnerManager.InitializeBindingRegistry(ITestRunner testRunner) in D:\a\1\s\TechTalk.SpecFlow\TestRunnerManager.cs:line 75
   at TechTalk.SpecFlow.TestRunnerManager.CreateTestRunner(Int32 threadId) in D:\a\1\s\TechTalk.SpecFlow\TestRunnerManager.cs:line 63
   at TechTalk.SpecFlow.TestRunnerManager.GetTestRunnerWithoutExceptionHandling(Int32 threadId) in D:\a\1\s\TechTalk.SpecFlow\TestRunnerManager.cs:line 155
   at TechTalk.SpecFlow.TestRunnerManager.GetTestRunner(Int32 threadId) in D:\a\1\s\TechTalk.SpecFlow\TestRunnerManager.cs:line 136
   at TechTalk.SpecFlow.TestRunnerManager.OnTestRunStart(Assembly testAssembly, IContainerBuilder containerBuilder) in D:\a\1\s\TechTalk.SpecFlow\TestRunnerManager.cs:line 232
   at SeleniumCSharpSpecflowProject_SpecFlowPlusRunnerAssemblyHooks.AssemblyInitialize() in C:\Users\Yash\source\repos\SeleniumCSharpSpecflowProject\SeleniumCSharpSpecflowProject\obj\Debug\netcoreapp3.1\SpecFlow.Plus.Runner.AssemblyHooks.cs:line 12
   at TechTalk.SpecRun.Framework.TaskExecutors.StaticOrInstanceMethodExecutor.ExecuteInternal(ITestThreadExecutionContext testThreadExecutionContext)
   at TechTalk.SpecRun.Framework.TaskExecutors.StaticOrInstanceMethodExecutor.Execute(ITestThreadExecutionContext testThreadExecutionContext)
   at TechTalk.SpecRun.Framework.TestAssemblyExecutor.RunAssemblyInitializeExecutors(ITestAssemblyExecutorsProvider testAssemblyExecutorsProvider, ITestThreadExecutionContext testThreadExecutionContext)
   at TechTalk.SpecRun.Framework.TestAssemblyExecutor.RunTests(ITestAssemblyExecutorState executorState, ITestAssemblyExecutorsProvider testAssemblyExecutorsProvider, ITestThreadExecutionContext testThreadExecutionContext)
   at TechTalk.SpecRun.Framework.TestAssemblyExecutor.RunTests(TestThreadState testThreadState)
   at TechTalk.SpecRun.Framework.Execution.InProcess.InProcAppDomainTestAssemblyExecutor.RunTests(TestThreadState testThreadState)
   at TechTalk.SpecRun.Framework.Execution.OutOfProcess.OutOfProcessTestAssemblyExecutor.RunTests(TestThreadState testThreadState)
   at TechTalk.SpecRun.Framework.Execution.OutOfProcess.OutOfProcessTestAssemblyExecutorReceiver.RunTests(TestThreadState testThreadState)
2021-08-31T01:53:42.2360161-07:00:test thread #0 error: StreamJsonRpc.RemoteInvocationException: The binding methods for before/after feature and before/after test run events must be static! SeleniumCSharpSpecflowProject:SeleniumCSharpSpecflowProject.ReporterClass.createExtentHtmlReporter()
   at StreamJsonRpc.JsonRpc.InvokeCoreAsync[TResult](Nullable`1 id, String targetName, IReadOnlyList`1 arguments, CancellationToken cancellationToken, Boolean isParameterObject)
   at TechTalk.SpecFlow.Plus.RPC.TcpRpcClient.Invoke[T](String methodName, Object[] parameters)
   at TechTalk.SpecFlow.Plus.RPC.AsyncHelper.RunSync[TResult](Func`1 func)
   at TechTalk.SpecRun.Framework.Execution.OutOfProc.StreamJsonRPC.OutOfProcessTestAssemblyExecutorClient.RunTests(TestThreadState testThreadState)
   at TechTalk.SpecRun.Framework.Execution.OutOfProc.StreamJsonRPC.RemoteExecutor.RunTests(TestThreadState testThreadState)
   at TechTalk.SpecRun.Framework.Execution.OutOfProc.StreamJsonRPC.OutOfProcessTestAssemblyExecutorHost.RunTests(TestThreadState testThreadState)
   at TechTalk.SpecRun.Framework.TestThread.RunNonEmptyTestSuite(CancellationToken cancellationToken, TestThreadState testThreadState)
   at TechTalk.SpecRun.Framework.TestThread.Run(ITestExecutionManager executionManagerForRun, CancellationToken cancellationToken)
   at TechTalk.SpecRun.Framework.AsyncTestThreadRunner.RunSync(TestExecutionManager executionManager, CancellationToken cancellationToken)
2021-08-31T01:53:42.2380620-07:00:test thread error: TechTalk.SpecRun.Framework.SpecRunException: At least one test thread aborted.
 ---> StreamJsonRpc.RemoteInvocationException: The binding methods for before/after feature and before/after test run events must be static! SeleniumCSharpSpecflowProject:SeleniumCSharpSpecflowProject.ReporterClass.createExtentHtmlReporter()
   at StreamJsonRpc.JsonRpc.InvokeCoreAsync[TResult](Nullable`1 id, String targetName, IReadOnlyList`1 arguments, CancellationToken cancellationToken, Boolean isParameterObject)
   at TechTalk.SpecFlow.Plus.RPC.TcpRpcClient.Invoke[T](String methodName, Object[] parameters)
   at TechTalk.SpecFlow.Plus.RPC.AsyncHelper.RunSync[TResult](Func`1 func)
   at TechTalk.SpecRun.Framework.Execution.OutOfProc.StreamJsonRPC.OutOfProcessTestAssemblyExecutorClient.RunTests(TestThreadState testThreadState)
   at TechTalk.SpecRun.Framework.Execution.OutOfProc.StreamJsonRPC.RemoteExecutor.RunTests(TestThreadState testThreadState)
   at TechTalk.SpecRun.Framework.Execution.OutOfProc.StreamJsonRPC.OutOfProcessTestAssemblyExecutorHost.RunTests(TestThreadState testThreadState)
   at TechTalk.SpecRun.Framework.TestThread.RunNonEmptyTestSuite(CancellationToken cancellationToken, TestThreadState testThreadState)
   at TechTalk.SpecRun.Framework.TestThread.Run(ITestExecutionManager executionManagerForRun, CancellationToken cancellationToken)
   at TechTalk.SpecRun.Framework.AsyncTestThreadRunner.RunSync(TestExecutionManager executionManager, CancellationToken cancellationToken)
   --- End of inner exception stack trace ---
2021-08-31T01:53:42.2670629-07:00:Thread#-1: Test #4/0 is started on thread #-1
2021-08-31T01:53:42.2696697-07:00:Thread#-1: Test #4/0 is finished on thread #-1 as Skipped within 0.0011177 seconds
2021-08-31T01:53:42.2746090-07:00:Thread#-1:Scheduler: get next test for thread -1
2021-08-31T01:53:42.2747025-07:00:Thread#:Scheduler: at the end of normal test queue
2021-08-31T01:53:42.2747102-07:00:Thread#-1:Scheduler: enumerator for thread is at end
2021-08-31T01:53:42.4177832-07:00;Thread#12;Info;test run finished
2021-08-31T01:53:42.4182121-07:00;Thread#12;Info;publishing test results
2021-08-31T01:53:42.4186993-07:00;Thread#12;Info;Not publishing results.
2021-08-31T01:53:42.4189537-07:00;Thread#12;Info;test results published
2021-08-31T01:53:42.4191572-07:00;Thread#12;Info;generating reports
2021-08-31T01:53:42.8671686-07:00;Thread#12;Info;Starting external report generation process
2021-08-31T01:53:55.1379040-07:00;Thread#12;Info;Successfully generated reports.
2021-08-31T01:53:55.1402889-07:00;Thread#12;Info;Successfully generated reports
2021-08-31T01:53:55.1479904-07:00:Total: 1
2021-08-31T01:53:55.1494313-07:00:Succeeded: 0
2021-08-31T01:53:55.1496525-07:00:Ignored: 0
2021-08-31T01:53:55.1498449-07:00:Pending: 0
2021-08-31T01:53:55.1498533-07:00:Skipped: 1
2021-08-31T01:53:55.1500206-07:00:Failed: 0
2021-08-31T01:53:55.1510892-07:00;VSTestExecutionThread;Info;Adding attachments to VSTest
2021-08-31T01:53:55.1512066-07:00;VSTestExecutionThread;Info;adding Test Execution Report 'C:\Users\Yash\source\repos\SeleniumCSharpSpecflowProject\TestResults\Unnamed project__2021-08-31T015333.html'
========== End of log file ==========
