2021-08-31T06:31:04.9594400-07:00;VSTestExecutionThread;Info;SpecFlow+Runner execution started
2021-08-31T06:31:04.9598320-07:00;VSTestExecutionThread;Info;SpecFlow+Runner 3.9.7 in Framework netcore31 in x64 mode execution started
2021-08-31T06:31:04.9598451-07:00;VSTestExecutionThread;Info;TestAdapter Location: C:\Users\Yash\Documents\Projects\SeleniumSpecFlow\SeleniumSpecFlow\SeleniumCSharpSpecflowProject\bin\Debug\netcoreapp3.1\TechTalk.SpecRun.VisualStudio.TestAdapter.dll
2021-08-31T06:31:04.9657447-07:00;VSTestExecutionThread;Info;Current UserName: 'Yash', MachineName: 'DESKTOP-HBFE069'
2021-08-31T06:31:05.0596281-07:00;VSTestExecutionThread;Info;SpecRun: running tests in C:\Users\Yash\Documents\Projects\SeleniumSpecFlow\SeleniumSpecFlow\SeleniumCSharpSpecflowProject\bin\Debug\netcoreapp3.1\SeleniumCSharpSpecflowProject.dll
2021-08-31T06:31:05.0599504-07:00;VSTestExecutionThread;Info;Output folder configured to "C:\Users\Yash\Documents\Projects\SeleniumSpecFlow\SeleniumSpecFlow\TestResults" (default)
2021-08-31T06:31:05.0600544-07:00;VSTestExecutionThread;Info;Profile: 
2021-08-31T06:31:05.7655430-07:00;VSTestExecutionThread;Info;Log file path: C:\Users\Yash\Documents\Projects\SeleniumSpecFlow\SeleniumSpecFlow\TestResults\Unnamed project__2021-08-31T063105.log
2021-08-31T06:31:05.8426736-07:00;Thread#15;Info;Checking activation
2021-08-31T06:31:07.0584769-07:00;Thread#15;Info;Activated.
2021-08-31T06:31:07.0595443-07:00;Thread#15;Info;Activation check completed
2021-08-31T06:31:07.0597361-07:00;Thread#15;Info;Starting test run
2021-08-31T06:31:07.5485599-07:00;Thread#15;Info;Discovering target: Default
2021-08-31T06:31:07.5492363-07:00;Thread#15;Info;Discovering tests from assembly: C:\Users\Yash\Documents\Projects\SeleniumSpecFlow\SeleniumSpecFlow\SeleniumCSharpSpecflowProject\bin\Debug\netcoreapp3.1\SeleniumCSharpSpecflowProject.dll
2021-08-31T06:31:09.1644318-07:00;Thread#15;Info;Discovered tests from assembly: C:\Users\Yash\Documents\Projects\SeleniumSpecFlow\SeleniumSpecFlow\SeleniumCSharpSpecflowProject\bin\Debug\netcoreapp3.1\SeleniumCSharpSpecflowProject.dll
2021-08-31T06:31:09.1678053-07:00:Test Suite Dump
2021-08-31T06:31:09.1730798-07:00:#0: Unnamed project/ - 
2021-08-31T06:31:09.1731311-07:00:#1: Default - 
2021-08-31T06:31:09.1731373-07:00:#2: SeleniumCSharpSpecflowProject - 
2021-08-31T06:31:09.1731416-07:00:#3: CreateUser - 
2021-08-31T06:31:09.1758464-07:00:#4: Launch application and Create user and validate the user is create successfully - TestAssembly:SeleniumCSharpSpecflowProject/Feature:CreateUser/Scenario:Launch+application+and+Create+user+and+validate+the+user+is+create+successfully
2021-08-31T06:31:09.1759473-07:00:End: Test Suite Dump
2021-08-31T06:31:09.2704051-07:00:Thread#0:Scheduler: get next test for thread 0
2021-08-31T06:31:09.2745094-07:00:Thread#:Scheduler: testitem #4 from normal test queue 
2021-08-31T06:31:09.2746185-07:00:Thread#0:Scheduler: considering testitem #4 for thread 0
2021-08-31T06:31:09.2801756-07:00:Thread#0:TestItem#4:testItemMatchesCurrentTestThread:UnSpecific
2021-08-31T06:31:09.2802079-07:00:Thread#0:TestItem#4:runsOnOneOtherThreadSpecific:False
2021-08-31T06:31:09.2802125-07:00:Thread#0:TestItem#4:runsOnOneOtherThreadUnspecific:False
2021-08-31T06:31:09.2802181-07:00:Thread#0:Scheduler: using testitem #4 for thread 0
2021-08-31T06:31:09.2813309-07:00:Thread#0:Scheduler: Test #4 is scheduled for thread
2021-08-31T06:31:09.2837095-07:00:Thread#0:Scheduler: with testItemExecutionIndex 0
2021-08-31T06:31:09.2890862-07:00:Thread #0: creating new test thread executor for SeleniumCSharpSpecflowProject, Version=1.0.0.0, Culture=neutral, PublicKeyToken=null (target: Default)
2021-08-31T06:31:09.2954764-07:00:Thread #0: Creating test assembly executor for execution model OutProc
2021-08-31T06:31:09.2959761-07:00:Thread #0: Creating test assembly executor for execution model OutProc
2021-08-31T06:31:09.3768101-07:00:Thread #0: using TechTalk.SpecRun.Framework.Execution.OutOfProc.StreamJsonRPC.OutOfProcessTestAssemblyExecutorHost to execute tests
2021-08-31T06:31:09.4084643-07:00:starting Out Of Process Executor
2021-08-31T06:31:09.5610577-07:00:Assembly resolving Microsoft.VisualStudio.Validation, Version=15.3.0.0, Culture=neutral, PublicKeyToken=b03f5f7f11d50a3a
2021-08-31T06:31:09.5824176-07:00:[AssemblyCache] Trying to resolve 'Microsoft.VisualStudio.Validation' from .deps.json file
2021-08-31T06:31:09.5824845-07:00:[AssemblyCache] Could not resolve 'Microsoft.VisualStudio.Validation' from .deps.json
2021-08-31T06:31:09.5875942-07:00:[AssemblyCache] Trying to resolve 'Microsoft.VisualStudio.Validation' in folder 'C:\Users\Yash\Documents\Projects\SeleniumSpecFlow\SeleniumSpecFlow\SeleniumCSharpSpecflowProject\bin\Debug\netcoreapp3.1'
2021-08-31T06:31:09.6118536-07:00:[AssemblyCache] Trying to resolve 'Microsoft.VisualStudio.Validation' to 'C:\Users\Yash\Documents\Projects\SeleniumSpecFlow\SeleniumSpecFlow\SeleniumCSharpSpecflowProject\bin\Debug\netcoreapp3.1\Microsoft.VisualStudio.Validation.dll'
2021-08-31T06:31:09.6123579-07:00:[AssemblyCache] Trying to resolve 'Microsoft.VisualStudio.Validation' to 'C:\Users\Yash\Documents\Projects\SeleniumSpecFlow\SeleniumSpecFlow\SeleniumCSharpSpecflowProject\bin\Debug\netcoreapp3.1\Microsoft.VisualStudio.Validation.exe'
2021-08-31T06:31:09.6126433-07:00:[AssemblyCache] Could not resolve 'Microsoft.VisualStudio.Validation' in folder 'C:\Users\Yash\Documents\Projects\SeleniumSpecFlow\SeleniumSpecFlow\SeleniumCSharpSpecflowProject\bin\Debug\netcoreapp3.1'
2021-08-31T06:31:09.6142231-07:00:TargetFramework: .NETCoreApp,Version=v3.1
2021-08-31T06:31:09.6180280-07:00:Tfm: netcoreapp3.1
2021-08-31T06:31:09.6181247-07:00:[AssemblyCache] Trying to resolve 'Microsoft.VisualStudio.Validation' in folder 'C:\Users\Yash\Documents\Projects\SeleniumSpecFlow\SeleniumSpecFlow\SeleniumCSharpSpecflowProject\bin\Debug\netcoreapp3.1\SpecFlowPlusRunner\netcoreapp3.1'
2021-08-31T06:31:09.6181465-07:00:[AssemblyCache] Trying to resolve 'Microsoft.VisualStudio.Validation' to 'C:\Users\Yash\Documents\Projects\SeleniumSpecFlow\SeleniumSpecFlow\SeleniumCSharpSpecflowProject\bin\Debug\netcoreapp3.1\SpecFlowPlusRunner\netcoreapp3.1\Microsoft.VisualStudio.Validation.dll'
2021-08-31T06:31:09.6185805-07:00:[AssemblyCache] Found file 'C:\Users\Yash\Documents\Projects\SeleniumSpecFlow\SeleniumSpecFlow\SeleniumCSharpSpecflowProject\bin\Debug\netcoreapp3.1\SpecFlowPlusRunner\netcoreapp3.1\Microsoft.VisualStudio.Validation.dll' for assembly 'Microsoft.VisualStudio.Validation'
2021-08-31T06:31:09.7044194-07:00:[AssemblyCache] Resolved 'Microsoft.VisualStudio.Validation' to C:\Users\Yash\Documents\Projects\SeleniumSpecFlow\SeleniumSpecFlow\SeleniumCSharpSpecflowProject\bin\Debug\netcoreapp3.1\SpecFlowPlusRunner\netcoreapp3.1\Microsoft.VisualStudio.Validation.dll
2021-08-31T06:31:09.8058481-07:00:Starting callback TCP Rpc server
2021-08-31T06:31:10.0210940-07:00:Asynchronously starting background TCP Rpc Server on port 32768
2021-08-31T06:31:10.0212888-07:00:Started callback TCP Rpc server on port 32768
2021-08-31T06:31:10.0213021-07:00:Starting logger TCP Rpc server
2021-08-31T06:31:10.0233643-07:00:Asynchronously starting background TCP Rpc Server on port 32769
2021-08-31T06:31:10.0234320-07:00:Started logger TCP Rpc server on port 32769
2021-08-31T06:31:10.6030272-07:00;Thread#15;Info;Executor full path resolved: C:\Program Files\dotnet\dotnet.exe
2021-08-31T06:31:10.6084385-07:00;Thread#15;Info;Starting SpecFlow+ Runner executor process with attached debugger...
2021-08-31T06:31:11.8679509-07:00;Thread#15;Info;Successfully started SpecFlow+ Runner executor process
2021-08-31T06:31:11.9518430-07:00:Out of Process Executor 7456 started
2021-08-31T06:31:11.9518991-07:00:Waiting for endpoint
2021-08-31T06:31:17.5777564-07:00:Assembly resolving Microsoft.VisualStudio.Threading, Version=15.3.0.0, Culture=neutral, PublicKeyToken=b03f5f7f11d50a3a
2021-08-31T06:31:17.5780391-07:00:[AssemblyCache] Trying to resolve 'Microsoft.VisualStudio.Threading' from .deps.json file
2021-08-31T06:31:17.5780534-07:00:[AssemblyCache] Could not resolve 'Microsoft.VisualStudio.Threading' from .deps.json
2021-08-31T06:31:17.5780810-07:00:[AssemblyCache] Trying to resolve 'Microsoft.VisualStudio.Threading' in folder 'C:\Users\Yash\Documents\Projects\SeleniumSpecFlow\SeleniumSpecFlow\SeleniumCSharpSpecflowProject\bin\Debug\netcoreapp3.1'
2021-08-31T06:31:17.5780884-07:00:[AssemblyCache] Trying to resolve 'Microsoft.VisualStudio.Threading' to 'C:\Users\Yash\Documents\Projects\SeleniumSpecFlow\SeleniumSpecFlow\SeleniumCSharpSpecflowProject\bin\Debug\netcoreapp3.1\Microsoft.VisualStudio.Threading.dll'
2021-08-31T06:31:17.5782998-07:00:[AssemblyCache] Trying to resolve 'Microsoft.VisualStudio.Threading' to 'C:\Users\Yash\Documents\Projects\SeleniumSpecFlow\SeleniumSpecFlow\SeleniumCSharpSpecflowProject\bin\Debug\netcoreapp3.1\Microsoft.VisualStudio.Threading.exe'
2021-08-31T06:31:17.5784484-07:00:[AssemblyCache] Could not resolve 'Microsoft.VisualStudio.Threading' in folder 'C:\Users\Yash\Documents\Projects\SeleniumSpecFlow\SeleniumSpecFlow\SeleniumCSharpSpecflowProject\bin\Debug\netcoreapp3.1'
2021-08-31T06:31:17.5784780-07:00:TargetFramework: .NETCoreApp,Version=v3.1
2021-08-31T06:31:17.5787464-07:00:Tfm: netcoreapp3.1
2021-08-31T06:31:17.5787854-07:00:[AssemblyCache] Trying to resolve 'Microsoft.VisualStudio.Threading' in folder 'C:\Users\Yash\Documents\Projects\SeleniumSpecFlow\SeleniumSpecFlow\SeleniumCSharpSpecflowProject\bin\Debug\netcoreapp3.1\SpecFlowPlusRunner\netcoreapp3.1'
2021-08-31T06:31:17.5787931-07:00:[AssemblyCache] Trying to resolve 'Microsoft.VisualStudio.Threading' to 'C:\Users\Yash\Documents\Projects\SeleniumSpecFlow\SeleniumSpecFlow\SeleniumCSharpSpecflowProject\bin\Debug\netcoreapp3.1\SpecFlowPlusRunner\netcoreapp3.1\Microsoft.VisualStudio.Threading.dll'
2021-08-31T06:31:17.5790145-07:00:[AssemblyCache] Found file 'C:\Users\Yash\Documents\Projects\SeleniumSpecFlow\SeleniumSpecFlow\SeleniumCSharpSpecflowProject\bin\Debug\netcoreapp3.1\SpecFlowPlusRunner\netcoreapp3.1\Microsoft.VisualStudio.Threading.dll' for assembly 'Microsoft.VisualStudio.Threading'
2021-08-31T06:31:17.6448399-07:00:[AssemblyCache] Resolved 'Microsoft.VisualStudio.Threading' to C:\Users\Yash\Documents\Projects\SeleniumSpecFlow\SeleniumSpecFlow\SeleniumCSharpSpecflowProject\bin\Debug\netcoreapp3.1\SpecFlowPlusRunner\netcoreapp3.1\Microsoft.VisualStudio.Threading.dll
2021-08-31T06:31:18.6192768-07:00:Remote executor port received: 32770
2021-08-31T06:31:18.6196599-07:00:Creating executor TCP client on port 32770
2021-08-31T06:31:18.6200349-07:00:Created executor TCP client on port 32770
2021-08-31T06:31:18.6200432-07:00:Connecting to remote executor TCP server
2021-08-31T06:31:18.6209727-07:00:Connected remote executor TCP server
2021-08-31T06:31:18.6224569-07:00:trying to connect to Out of Process Executor the 1 attempt
2021-08-31T06:31:18.6224699-07:00:Connection to Out of Process Executor established in the 1 attempt
2021-08-31T06:31:19.1129876-07:00:2021-08-31T06:31:19.1029716-07:00:OutOfProcessTestAssemblyExecutor: initialized for C:\Users\Yash\Documents\Projects\SeleniumSpecFlow\SeleniumSpecFlow\SeleniumCSharpSpecflowProject\bin\Debug\netcoreapp3.1\SeleniumCSharpSpecflowProject.dll on test thread #0
2021-08-31T06:31:19.1365798-07:00:Endpoint 7456 started
2021-08-31T06:31:19.1953062-07:00:2021-08-31T06:31:19.1935877-07:00:OutOfProcessTestAssemblyExecutor: running tests...
2021-08-31T06:31:19.4716788-07:00:2021-08-31T06:31:19.4700342-07:00:Assembly resolving TechTalk.SpecFlow, Version=3.9.0.0, Culture=neutral, PublicKeyToken=0778194805d6db41
2021-08-31T06:31:19.4850487-07:00:2021-08-31T06:31:19.4829490-07:00:[AssemblyCache] Trying to resolve 'TechTalk.SpecFlow' from .deps.json file
2021-08-31T06:31:19.4949947-07:00:2021-08-31T06:31:19.4931922-07:00:[AssemblyCache] Resolved 'TechTalk.SpecFlow' to 'C:\Users\Yash\.nuget\packages\specflow\3.9.8\lib\netstandard2.0\TechTalk.SpecFlow.dll'
2021-08-31T06:31:20.1373733-07:00:2021-08-31T06:31:20.1321440-07:00:Thread#0:T:-> Loading plugin C:\Users\Yash\Documents\Projects\SeleniumSpecFlow\SeleniumSpecFlow\SeleniumCSharpSpecflowProject\bin\Debug\netcoreapp3.1\SeleniumCSharpSpecflowProject.dll
2021-08-31T06:31:20.1510360-07:00:2021-08-31T06:31:20.1458940-07:00:Assembly resolving Microsoft.Extensions.DependencyModel, Version=1.0.1.0, Culture=neutral, PublicKeyToken=adb9793829ddae60
2021-08-31T06:31:20.1613285-07:00:2021-08-31T06:31:20.1567169-07:00:[AssemblyCache] Trying to resolve 'Microsoft.Extensions.DependencyModel' from .deps.json file
2021-08-31T06:31:20.1734912-07:00:2021-08-31T06:31:20.1675991-07:00:[AssemblyCache] Resolved 'Microsoft.Extensions.DependencyModel' to 'C:\Users\Yash\.nuget\packages\microsoft.extensions.dependencymodel\1.0.3\lib\netstandard1.6\Microsoft.Extensions.DependencyModel.dll'
2021-08-31T06:31:20.4239060-07:00:2021-08-31T06:31:20.4218463-07:00:Assembly resolving Microsoft.DotNet.PlatformAbstractions, Version=1.0.1.0, Culture=neutral, PublicKeyToken=adb9793829ddae60
2021-08-31T06:31:20.4272323-07:00:2021-08-31T06:31:20.4258631-07:00:[AssemblyCache] Trying to resolve 'Microsoft.DotNet.PlatformAbstractions' from .deps.json file
2021-08-31T06:31:20.4303195-07:00:2021-08-31T06:31:20.4291735-07:00:[AssemblyCache] Resolved 'Microsoft.DotNet.PlatformAbstractions' to 'C:\Users\Yash\.nuget\packages\microsoft.dotnet.platformabstractions\1.0.3\lib\netstandard1.3\Microsoft.DotNet.PlatformAbstractions.dll'
2021-08-31T06:31:20.4630223-07:00:2021-08-31T06:31:20.4615638-07:00:Thread#0:T:-> Missing [assembly:RuntimePlugin] attribute in SeleniumCSharpSpecflowProject, Version=1.0.0.0, Culture=neutral, PublicKeyToken=null. Please check https://go.specflow.org/doc-plugins for details.
2021-08-31T06:31:20.4659357-07:00:2021-08-31T06:31:20.4647175-07:00:Thread#0:T:-> Loading plugin C:\Users\Yash\Documents\Projects\SeleniumSpecFlow\SeleniumSpecFlow\SeleniumCSharpSpecflowProject\bin\Debug\netcoreapp3.1\LivingDoc.SpecFlowPlugin.dll
2021-08-31T06:31:20.5121775-07:00:2021-08-31T06:31:20.5081842-07:00:Assembly resolving LivingDoc.Dtos, Version=3.9.0.0, Culture=neutral, PublicKeyToken=null
2021-08-31T06:31:20.5198415-07:00:2021-08-31T06:31:20.5166720-07:00:[AssemblyCache] Trying to resolve 'LivingDoc.Dtos' from .deps.json file
2021-08-31T06:31:20.5279464-07:00:2021-08-31T06:31:20.5248360-07:00:[AssemblyCache] Resolved 'LivingDoc.Dtos' to 'C:\Users\Yash\.nuget\packages\specflow.plus.livingdocplugin\3.9.50\lib\netstandard2.0\LivingDoc.Dtos.dll'
2021-08-31T06:31:20.6841134-07:00:2021-08-31T06:31:20.6810529-07:00:Thread#0:T:-> Loading plugin C:\Users\Yash\Documents\Projects\SeleniumSpecFlow\SeleniumSpecFlow\SeleniumCSharpSpecflowProject\bin\Debug\netcoreapp3.1\SpecRun.Runtime.SpecFlowPlugin.dll
2021-08-31T06:31:20.7331956-07:00:2021-08-31T06:31:20.7319505-07:00:Thread#0:T:-> Using default config
2021-08-31T06:31:20.7478524-07:00:2021-08-31T06:31:20.7468248-07:00:Assembly resolving Cucumber.Messages, Version=6.0.1.0, Culture=neutral, PublicKeyToken=b10c5988214f940c
2021-08-31T06:31:20.7495009-07:00:2021-08-31T06:31:20.7489712-07:00:[AssemblyCache] Trying to resolve 'Cucumber.Messages' from .deps.json file
2021-08-31T06:31:20.7510985-07:00:2021-08-31T06:31:20.7506135-07:00:[AssemblyCache] Resolved 'Cucumber.Messages' to 'C:\Users\Yash\.nuget\packages\cucumber.messages\6.0.1\lib\netstandard2.0\Cucumber.Messages.dll'
2021-08-31T06:31:20.7628567-07:00:2021-08-31T06:31:20.7618578-07:00:Assembly resolving Google.Protobuf, Version=3.7.0.0, Culture=neutral, PublicKeyToken=a7d26565bac4d604
2021-08-31T06:31:20.7647765-07:00:2021-08-31T06:31:20.7638596-07:00:[AssemblyCache] Trying to resolve 'Google.Protobuf' from .deps.json file
2021-08-31T06:31:20.7668402-07:00:2021-08-31T06:31:20.7660631-07:00:[AssemblyCache] Resolved 'Google.Protobuf' to 'C:\Users\Yash\.nuget\packages\google.protobuf\3.7.0\lib\netstandard1.0\Google.Protobuf.dll'
2021-08-31T06:31:20.7865084-07:00:2021-08-31T06:31:20.7857124-07:00:Assembly resolving Microsoft.VisualStudio.TestPlatform.ObjectModel, Version=15.0.0.0, Culture=neutral, PublicKeyToken=b03f5f7f11d50a3a
2021-08-31T06:31:20.7882813-07:00:2021-08-31T06:31:20.7876081-07:00:[AssemblyCache] Trying to resolve 'Microsoft.VisualStudio.TestPlatform.ObjectModel' from .deps.json file
2021-08-31T06:31:20.7897551-07:00:2021-08-31T06:31:20.7892137-07:00:[AssemblyCache] Resolved 'Microsoft.VisualStudio.TestPlatform.ObjectModel' to 'C:\Users\Yash\.nuget\packages\microsoft.testplatform.objectmodel\16.5.0\lib\netstandard2.0\Microsoft.VisualStudio.TestPlatform.ObjectModel.dll'
2021-08-31T06:31:20.8781051-07:00:2021-08-31T06:31:20.8770995-07:00:Assembly resolving SpecFlow.Internal.Json, Version=1.0.0.0, Culture=neutral, PublicKeyToken=0778194805d6db41
2021-08-31T06:31:20.8866436-07:00:2021-08-31T06:31:20.8791667-07:00:[AssemblyCache] Trying to resolve 'SpecFlow.Internal.Json' from .deps.json file
2021-08-31T06:31:20.8885512-07:00:2021-08-31T06:31:20.8879207-07:00:[AssemblyCache] Resolved 'SpecFlow.Internal.Json' to 'C:\Users\Yash\.nuget\packages\specflow.internal.json\1.0.8\lib\netstandard2.0\SpecFlow.Internal.Json.dll'
2021-08-31T06:31:21.1991307-07:00:2021-08-31T06:31:21.1979694-07:00:Assembly resolving ExtentReports, Version=4.1.0.0, Culture=neutral, PublicKeyToken=null
2021-08-31T06:31:21.2015152-07:00:2021-08-31T06:31:21.2007950-07:00:[AssemblyCache] Trying to resolve 'ExtentReports' from .deps.json file
2021-08-31T06:31:21.3295181-07:00:2021-08-31T06:31:21.2025872-07:00:[AssemblyCache] Resolved 'ExtentReports' to 'C:\Users\Yash\.nuget\packages\extentreports\4.1.0\lib\netstandard2.0\ExtentReports.dll'
2021-08-31T06:31:21.3957670-07:00:2021-08-31T06:31:21.3932967-07:00:Thread#0:T:Path of the Report File - > C:\Users\Yash\Documents\Projects\SeleniumSpecFlow\SeleniumSpecFlow\Reports\TestReport3108063121.html
2021-08-31T06:31:40.5236601-07:00:2021-08-31T06:31:40.5120632-07:00:Assembly resolving MongoDB.Bson, Version=2.10.0.0, Culture=neutral, PublicKeyToken=null
2021-08-31T06:31:40.5283928-07:00:2021-08-31T06:31:40.5268510-07:00:[AssemblyCache] Trying to resolve 'MongoDB.Bson' from .deps.json file
2021-08-31T06:31:40.5399397-07:00:2021-08-31T06:31:40.5385230-07:00:[AssemblyCache] Resolved 'MongoDB.Bson' to 'C:\Users\Yash\.nuget\packages\mongodb.bson\2.10.0\lib\netstandard1.5\MongoDB.Bson.dll'
2021-08-31T06:31:51.1537034-07:00:2021-08-31T06:31:51.1362689-07:00:Assembly resolving RazorEngine.NetCore, Version=0.0.0.0, Culture=neutral, PublicKeyToken=9ee697374c7e744a
2021-08-31T06:31:51.1608218-07:00:2021-08-31T06:31:51.1576809-07:00:[AssemblyCache] Trying to resolve 'RazorEngine.NetCore' from .deps.json file
2021-08-31T06:31:51.1685787-07:00:2021-08-31T06:31:51.1654985-07:00:[AssemblyCache] Resolved 'RazorEngine.NetCore' to 'C:\Users\Yash\.nuget\packages\razorengine.netcore\2.2.6\lib\netcoreapp2.2\RazorEngine.NetCore.dll'
2021-08-31T06:31:51.3497784-07:00:2021-08-31T06:31:51.3464465-07:00:Assembly resolving Microsoft.AspNetCore.Razor.Language, Version=2.2.0.0, Culture=neutral, PublicKeyToken=adb9793829ddae60
2021-08-31T06:31:51.3564714-07:00:2021-08-31T06:31:51.3538470-07:00:[AssemblyCache] Trying to resolve 'Microsoft.AspNetCore.Razor.Language' from .deps.json file
2021-08-31T06:31:51.3641818-07:00:2021-08-31T06:31:51.3610383-07:00:[AssemblyCache] Resolved 'Microsoft.AspNetCore.Razor.Language' to 'C:\Users\Yash\.nuget\packages\microsoft.aspnetcore.razor.language\2.2.0\lib\netstandard2.0\Microsoft.AspNetCore.Razor.Language.dll'
2021-08-31T06:32:14.5548786-07:00:Thread#0: Test #4/0 is started on thread #0
2021-08-31T06:33:01.6343029-07:00:Assembly resolving System.Net.Sockets.resources, Version=4.2.2.0, Culture=en-US, PublicKeyToken=b03f5f7f11d50a3a
2021-08-31T06:33:01.6343028-07:00:Assembly resolving System.Net.Sockets.resources, Version=4.2.2.0, Culture=en-US, PublicKeyToken=b03f5f7f11d50a3a
2021-08-31T06:33:01.6343028-07:00:Assembly resolving System.Net.Sockets.resources, Version=4.2.2.0, Culture=en-US, PublicKeyToken=b03f5f7f11d50a3a
2021-08-31T06:33:01.6343813-07:00:[AssemblyCache] Trying to resolve 'System.Net.Sockets.resources' from .deps.json file
2021-08-31T06:33:01.6343848-07:00:[AssemblyCache] Trying to resolve 'System.Net.Sockets.resources' from .deps.json file
2021-08-31T06:33:01.6343839-07:00:[AssemblyCache] Trying to resolve 'System.Net.Sockets.resources' from .deps.json file
2021-08-31T06:33:01.6343969-07:00:[AssemblyCache] Could not resolve 'System.Net.Sockets.resources' from .deps.json
2021-08-31T06:33:01.6343989-07:00:[AssemblyCache] Could not resolve 'System.Net.Sockets.resources' from .deps.json
2021-08-31T06:33:01.6344160-07:00:[AssemblyCache] Trying to resolve 'System.Net.Sockets.resources' in folder 'C:\Users\Yash\Documents\Projects\SeleniumSpecFlow\SeleniumSpecFlow\SeleniumCSharpSpecflowProject\bin\Debug\netcoreapp3.1'
2021-08-31T06:33:01.6344159-07:00:[AssemblyCache] Trying to resolve 'System.Net.Sockets.resources' in folder 'C:\Users\Yash\Documents\Projects\SeleniumSpecFlow\SeleniumSpecFlow\SeleniumCSharpSpecflowProject\bin\Debug\netcoreapp3.1'
2021-08-31T06:33:01.6344175-07:00:[AssemblyCache] Could not resolve 'System.Net.Sockets.resources' from .deps.json
2021-08-31T06:33:01.6344271-07:00:[AssemblyCache] Trying to resolve 'System.Net.Sockets.resources' to 'C:\Users\Yash\Documents\Projects\SeleniumSpecFlow\SeleniumSpecFlow\SeleniumCSharpSpecflowProject\bin\Debug\netcoreapp3.1\System.Net.Sockets.resources.dll'
2021-08-31T06:33:01.6344205-07:00:[AssemblyCache] Trying to resolve 'System.Net.Sockets.resources' to 'C:\Users\Yash\Documents\Projects\SeleniumSpecFlow\SeleniumSpecFlow\SeleniumCSharpSpecflowProject\bin\Debug\netcoreapp3.1\System.Net.Sockets.resources.dll'
2021-08-31T06:33:01.6344373-07:00:[AssemblyCache] Trying to resolve 'System.Net.Sockets.resources' in folder 'C:\Users\Yash\Documents\Projects\SeleniumSpecFlow\SeleniumSpecFlow\SeleniumCSharpSpecflowProject\bin\Debug\netcoreapp3.1'
2021-08-31T06:33:01.6344465-07:00:[AssemblyCache] Trying to resolve 'System.Net.Sockets.resources' to 'C:\Users\Yash\Documents\Projects\SeleniumSpecFlow\SeleniumSpecFlow\SeleniumCSharpSpecflowProject\bin\Debug\netcoreapp3.1\System.Net.Sockets.resources.dll'
2021-08-31T06:33:01.6345389-07:00:[AssemblyCache] Trying to resolve 'System.Net.Sockets.resources' to 'C:\Users\Yash\Documents\Projects\SeleniumSpecFlow\SeleniumSpecFlow\SeleniumCSharpSpecflowProject\bin\Debug\netcoreapp3.1\System.Net.Sockets.resources.exe'
2021-08-31T06:33:01.6345771-07:00:[AssemblyCache] Trying to resolve 'System.Net.Sockets.resources' to 'C:\Users\Yash\Documents\Projects\SeleniumSpecFlow\SeleniumSpecFlow\SeleniumCSharpSpecflowProject\bin\Debug\netcoreapp3.1\System.Net.Sockets.resources.exe'
2021-08-31T06:33:01.6346054-07:00:[AssemblyCache] Trying to resolve 'System.Net.Sockets.resources' to 'C:\Users\Yash\Documents\Projects\SeleniumSpecFlow\SeleniumSpecFlow\SeleniumCSharpSpecflowProject\bin\Debug\netcoreapp3.1\System.Net.Sockets.resources.exe'
2021-08-31T06:33:01.6346631-07:00:[AssemblyCache] Could not resolve 'System.Net.Sockets.resources' in folder 'C:\Users\Yash\Documents\Projects\SeleniumSpecFlow\SeleniumSpecFlow\SeleniumCSharpSpecflowProject\bin\Debug\netcoreapp3.1'
2021-08-31T06:33:01.6346713-07:00:[AssemblyCache] Could not resolve 'System.Net.Sockets.resources' in folder 'C:\Users\Yash\Documents\Projects\SeleniumSpecFlow\SeleniumSpecFlow\SeleniumCSharpSpecflowProject\bin\Debug\netcoreapp3.1'
2021-08-31T06:33:01.6346831-07:00:TargetFramework: .NETCoreApp,Version=v3.1
2021-08-31T06:33:01.6346853-07:00:TargetFramework: .NETCoreApp,Version=v3.1
2021-08-31T06:33:01.6347500-07:00:[AssemblyCache] Could not resolve 'System.Net.Sockets.resources' in folder 'C:\Users\Yash\Documents\Projects\SeleniumSpecFlow\SeleniumSpecFlow\SeleniumCSharpSpecflowProject\bin\Debug\netcoreapp3.1'
2021-08-31T06:33:01.6347611-07:00:TargetFramework: .NETCoreApp,Version=v3.1
2021-08-31T06:33:01.6349126-07:00:Tfm: netcoreapp3.1
2021-08-31T06:33:01.6349141-07:00:Tfm: netcoreapp3.1
2021-08-31T06:33:01.6349203-07:00:[AssemblyCache] Trying to resolve 'System.Net.Sockets.resources' in folder 'C:\Users\Yash\Documents\Projects\SeleniumSpecFlow\SeleniumSpecFlow\SeleniumCSharpSpecflowProject\bin\Debug\netcoreapp3.1\SpecFlowPlusRunner\netcoreapp3.1'
2021-08-31T06:33:01.6349158-07:00:Tfm: netcoreapp3.1
2021-08-31T06:33:01.6349214-07:00:[AssemblyCache] Trying to resolve 'System.Net.Sockets.resources' in folder 'C:\Users\Yash\Documents\Projects\SeleniumSpecFlow\SeleniumSpecFlow\SeleniumCSharpSpecflowProject\bin\Debug\netcoreapp3.1\SpecFlowPlusRunner\netcoreapp3.1'
2021-08-31T06:33:01.6349236-07:00:[AssemblyCache] Trying to resolve 'System.Net.Sockets.resources' to 'C:\Users\Yash\Documents\Projects\SeleniumSpecFlow\SeleniumSpecFlow\SeleniumCSharpSpecflowProject\bin\Debug\netcoreapp3.1\SpecFlowPlusRunner\netcoreapp3.1\System.Net.Sockets.resources.dll'
2021-08-31T06:33:01.6349286-07:00:[AssemblyCache] Trying to resolve 'System.Net.Sockets.resources' in folder 'C:\Users\Yash\Documents\Projects\SeleniumSpecFlow\SeleniumSpecFlow\SeleniumCSharpSpecflowProject\bin\Debug\netcoreapp3.1\SpecFlowPlusRunner\netcoreapp3.1'
2021-08-31T06:33:01.6349253-07:00:[AssemblyCache] Trying to resolve 'System.Net.Sockets.resources' to 'C:\Users\Yash\Documents\Projects\SeleniumSpecFlow\SeleniumSpecFlow\SeleniumCSharpSpecflowProject\bin\Debug\netcoreapp3.1\SpecFlowPlusRunner\netcoreapp3.1\System.Net.Sockets.resources.dll'
2021-08-31T06:33:01.6349363-07:00:[AssemblyCache] Trying to resolve 'System.Net.Sockets.resources' to 'C:\Users\Yash\Documents\Projects\SeleniumSpecFlow\SeleniumSpecFlow\SeleniumCSharpSpecflowProject\bin\Debug\netcoreapp3.1\SpecFlowPlusRunner\netcoreapp3.1\System.Net.Sockets.resources.dll'
2021-08-31T06:33:01.6350580-07:00:[AssemblyCache] Trying to resolve 'System.Net.Sockets.resources' to 'C:\Users\Yash\Documents\Projects\SeleniumSpecFlow\SeleniumSpecFlow\SeleniumCSharpSpecflowProject\bin\Debug\netcoreapp3.1\SpecFlowPlusRunner\netcoreapp3.1\System.Net.Sockets.resources.exe'
2021-08-31T06:33:01.6350721-07:00:[AssemblyCache] Trying to resolve 'System.Net.Sockets.resources' to 'C:\Users\Yash\Documents\Projects\SeleniumSpecFlow\SeleniumSpecFlow\SeleniumCSharpSpecflowProject\bin\Debug\netcoreapp3.1\SpecFlowPlusRunner\netcoreapp3.1\System.Net.Sockets.resources.exe'
2021-08-31T06:33:01.6350818-07:00:[AssemblyCache] Trying to resolve 'System.Net.Sockets.resources' to 'C:\Users\Yash\Documents\Projects\SeleniumSpecFlow\SeleniumSpecFlow\SeleniumCSharpSpecflowProject\bin\Debug\netcoreapp3.1\SpecFlowPlusRunner\netcoreapp3.1\System.Net.Sockets.resources.exe'
2021-08-31T06:33:01.6351655-07:00:[AssemblyCache] Could not resolve 'System.Net.Sockets.resources' in folder 'C:\Users\Yash\Documents\Projects\SeleniumSpecFlow\SeleniumSpecFlow\SeleniumCSharpSpecflowProject\bin\Debug\netcoreapp3.1\SpecFlowPlusRunner\netcoreapp3.1'
2021-08-31T06:33:01.6352531-07:00:[AssemblyCache] Could not resolve 'System.Net.Sockets.resources' in folder 'C:\Users\Yash\Documents\Projects\SeleniumSpecFlow\SeleniumSpecFlow\SeleniumCSharpSpecflowProject\bin\Debug\netcoreapp3.1\SpecFlowPlusRunner\netcoreapp3.1'
2021-08-31T06:33:01.6352808-07:00:[AssemblyCache] Could not resolve 'System.Net.Sockets.resources' in folder 'C:\Users\Yash\Documents\Projects\SeleniumSpecFlow\SeleniumSpecFlow\SeleniumCSharpSpecflowProject\bin\Debug\netcoreapp3.1\SpecFlowPlusRunner\netcoreapp3.1'
2021-08-31T06:33:01.6361235-07:00:Assembly resolving System.Diagnostics.Process.resources, Version=4.2.2.0, Culture=en-US, PublicKeyToken=b03f5f7f11d50a3a
2021-08-31T06:33:01.6361678-07:00:[AssemblyCache] Trying to resolve 'System.Diagnostics.Process.resources' from .deps.json file
2021-08-31T06:33:01.6361773-07:00:[AssemblyCache] Could not resolve 'System.Diagnostics.Process.resources' from .deps.json
2021-08-31T06:33:01.6361895-07:00:[AssemblyCache] Trying to resolve 'System.Diagnostics.Process.resources' in folder 'C:\Users\Yash\Documents\Projects\SeleniumSpecFlow\SeleniumSpecFlow\SeleniumCSharpSpecflowProject\bin\Debug\netcoreapp3.1'
2021-08-31T06:33:01.6361948-07:00:[AssemblyCache] Trying to resolve 'System.Diagnostics.Process.resources' to 'C:\Users\Yash\Documents\Projects\SeleniumSpecFlow\SeleniumSpecFlow\SeleniumCSharpSpecflowProject\bin\Debug\netcoreapp3.1\System.Diagnostics.Process.resources.dll'
2021-08-31T06:33:01.6363203-07:00:[AssemblyCache] Trying to resolve 'System.Diagnostics.Process.resources' to 'C:\Users\Yash\Documents\Projects\SeleniumSpecFlow\SeleniumSpecFlow\SeleniumCSharpSpecflowProject\bin\Debug\netcoreapp3.1\System.Diagnostics.Process.resources.exe'
2021-08-31T06:33:01.6364443-07:00:[AssemblyCache] Could not resolve 'System.Diagnostics.Process.resources' in folder 'C:\Users\Yash\Documents\Projects\SeleniumSpecFlow\SeleniumSpecFlow\SeleniumCSharpSpecflowProject\bin\Debug\netcoreapp3.1'
2021-08-31T06:33:01.6364551-07:00:TargetFramework: .NETCoreApp,Version=v3.1
2021-08-31T06:33:01.6365065-07:00:Tfm: netcoreapp3.1
2021-08-31T06:33:01.6365172-07:00:[AssemblyCache] Trying to resolve 'System.Diagnostics.Process.resources' in folder 'C:\Users\Yash\Documents\Projects\SeleniumSpecFlow\SeleniumSpecFlow\SeleniumCSharpSpecflowProject\bin\Debug\netcoreapp3.1\SpecFlowPlusRunner\netcoreapp3.1'
2021-08-31T06:33:01.6365226-07:00:[AssemblyCache] Trying to resolve 'System.Diagnostics.Process.resources' to 'C:\Users\Yash\Documents\Projects\SeleniumSpecFlow\SeleniumSpecFlow\SeleniumCSharpSpecflowProject\bin\Debug\netcoreapp3.1\SpecFlowPlusRunner\netcoreapp3.1\System.Diagnostics.Process.resources.dll'
2021-08-31T06:33:01.6366593-07:00:[AssemblyCache] Trying to resolve 'System.Diagnostics.Process.resources' to 'C:\Users\Yash\Documents\Projects\SeleniumSpecFlow\SeleniumSpecFlow\SeleniumCSharpSpecflowProject\bin\Debug\netcoreapp3.1\SpecFlowPlusRunner\netcoreapp3.1\System.Diagnostics.Process.resources.exe'
2021-08-31T06:33:01.6368113-07:00:[AssemblyCache] Could not resolve 'System.Diagnostics.Process.resources' in folder 'C:\Users\Yash\Documents\Projects\SeleniumSpecFlow\SeleniumSpecFlow\SeleniumCSharpSpecflowProject\bin\Debug\netcoreapp3.1\SpecFlowPlusRunner\netcoreapp3.1'
2021-08-31T06:33:01.6855344-07:00:[AssemblyCache] Trying to resolve 'System.Net.Sockets.resources' in folder 'C:\Program Files\dotnet\shared\Microsoft.AspNetCore.App\3.1.18'
2021-08-31T06:33:01.6855823-07:00:[AssemblyCache] Trying to resolve 'System.Net.Sockets.resources' to 'C:\Program Files\dotnet\shared\Microsoft.AspNetCore.App\3.1.18\System.Net.Sockets.resources.dll'
2021-08-31T06:33:01.6856299-07:00:[AssemblyCache] Trying to resolve 'System.Net.Sockets.resources' in folder 'C:\Program Files\dotnet\shared\Microsoft.AspNetCore.App\3.1.18'
2021-08-31T06:33:01.6856453-07:00:[AssemblyCache] Trying to resolve 'System.Diagnostics.Process.resources' in folder 'C:\Program Files\dotnet\shared\Microsoft.AspNetCore.App\3.1.18'
2021-08-31T06:33:01.6856579-07:00:[AssemblyCache] Trying to resolve 'System.Net.Sockets.resources' to 'C:\Program Files\dotnet\shared\Microsoft.AspNetCore.App\3.1.18\System.Net.Sockets.resources.dll'
2021-08-31T06:33:01.6856997-07:00:[AssemblyCache] Trying to resolve 'System.Diagnostics.Process.resources' to 'C:\Program Files\dotnet\shared\Microsoft.AspNetCore.App\3.1.18\System.Diagnostics.Process.resources.dll'
2021-08-31T06:33:01.6857427-07:00:[AssemblyCache] Trying to resolve 'System.Net.Sockets.resources' in folder 'C:\Program Files\dotnet\shared\Microsoft.AspNetCore.App\3.1.18'
2021-08-31T06:33:01.6857756-07:00:[AssemblyCache] Trying to resolve 'System.Net.Sockets.resources' to 'C:\Program Files\dotnet\shared\Microsoft.AspNetCore.App\3.1.18\System.Net.Sockets.resources.dll'
2021-08-31T06:33:01.6859455-07:00:[AssemblyCache] Trying to resolve 'System.Net.Sockets.resources' to 'C:\Program Files\dotnet\shared\Microsoft.AspNetCore.App\3.1.18\System.Net.Sockets.resources.exe'
2021-08-31T06:33:01.6859455-07:00:[AssemblyCache] Trying to resolve 'System.Diagnostics.Process.resources' to 'C:\Program Files\dotnet\shared\Microsoft.AspNetCore.App\3.1.18\System.Diagnostics.Process.resources.exe'
2021-08-31T06:33:01.6859406-07:00:[AssemblyCache] Trying to resolve 'System.Net.Sockets.resources' to 'C:\Program Files\dotnet\shared\Microsoft.AspNetCore.App\3.1.18\System.Net.Sockets.resources.exe'
2021-08-31T06:33:01.6860693-07:00:[AssemblyCache] Trying to resolve 'System.Net.Sockets.resources' to 'C:\Program Files\dotnet\shared\Microsoft.AspNetCore.App\3.1.18\System.Net.Sockets.resources.exe'
2021-08-31T06:33:01.6861657-07:00:[AssemblyCache] Could not resolve 'System.Net.Sockets.resources' in folder 'C:\Program Files\dotnet\shared\Microsoft.AspNetCore.App\3.1.18'
2021-08-31T06:33:01.6861657-07:00:[AssemblyCache] Could not resolve 'System.Diagnostics.Process.resources' in folder 'C:\Program Files\dotnet\shared\Microsoft.AspNetCore.App\3.1.18'
2021-08-31T06:33:01.6862134-07:00:[AssemblyCache] Could not resolve 'System.Net.Sockets.resources' in folder 'C:\Program Files\dotnet\shared\Microsoft.AspNetCore.App\3.1.18'
2021-08-31T06:33:01.6863158-07:00:[AssemblyCache] Could not resolve 'System.Net.Sockets.resources' in folder 'C:\Program Files\dotnet\shared\Microsoft.AspNetCore.App\3.1.18'
2021-08-31T06:33:01.6877237-07:00:[AssemblyCache] Trying to resolve 'System.Net.Sockets.resources' in folder 'C:\Program Files\dotnet\shared\Microsoft.NETCore.App\3.1.18'
2021-08-31T06:33:01.6877683-07:00:[AssemblyCache] Trying to resolve 'System.Net.Sockets.resources' to 'C:\Program Files\dotnet\shared\Microsoft.NETCore.App\3.1.18\System.Net.Sockets.resources.dll'
2021-08-31T06:33:01.6879503-07:00:[AssemblyCache] Trying to resolve 'System.Diagnostics.Process.resources' in folder 'C:\Program Files\dotnet\shared\Microsoft.NETCore.App\3.1.18'
2021-08-31T06:33:01.6879686-07:00:[AssemblyCache] Trying to resolve 'System.Diagnostics.Process.resources' to 'C:\Program Files\dotnet\shared\Microsoft.NETCore.App\3.1.18\System.Diagnostics.Process.resources.dll'
2021-08-31T06:33:01.6881197-07:00:[AssemblyCache] Trying to resolve 'System.Net.Sockets.resources' to 'C:\Program Files\dotnet\shared\Microsoft.NETCore.App\3.1.18\System.Net.Sockets.resources.exe'
2021-08-31T06:33:01.6881602-07:00:[AssemblyCache] Trying to resolve 'System.Net.Sockets.resources' in folder 'C:\Program Files\dotnet\shared\Microsoft.NETCore.App\3.1.18'
2021-08-31T06:33:01.6881813-07:00:[AssemblyCache] Trying to resolve 'System.Net.Sockets.resources' to 'C:\Program Files\dotnet\shared\Microsoft.NETCore.App\3.1.18\System.Net.Sockets.resources.dll'
2021-08-31T06:33:01.6882758-07:00:[AssemblyCache] Trying to resolve 'System.Net.Sockets.resources' in folder 'C:\Program Files\dotnet\shared\Microsoft.NETCore.App\3.1.18'
2021-08-31T06:33:01.6882941-07:00:[AssemblyCache] Trying to resolve 'System.Diagnostics.Process.resources' to 'C:\Program Files\dotnet\shared\Microsoft.NETCore.App\3.1.18\System.Diagnostics.Process.resources.exe'
2021-08-31T06:33:01.6882993-07:00:[AssemblyCache] Trying to resolve 'System.Net.Sockets.resources' to 'C:\Program Files\dotnet\shared\Microsoft.NETCore.App\3.1.18\System.Net.Sockets.resources.dll'
2021-08-31T06:33:01.6883968-07:00:[AssemblyCache] Could not resolve 'System.Net.Sockets.resources' in folder 'C:\Program Files\dotnet\shared\Microsoft.NETCore.App\3.1.18'
2021-08-31T06:33:01.6884119-07:00:[AssemblyCache] Trying to resolve 'System.Net.Sockets.resources' to 'C:\Program Files\dotnet\shared\Microsoft.NETCore.App\3.1.18\System.Net.Sockets.resources.exe'
2021-08-31T06:33:01.6885389-07:00:[AssemblyCache] Trying to resolve 'System.Net.Sockets.resources' to 'C:\Program Files\dotnet\shared\Microsoft.NETCore.App\3.1.18\System.Net.Sockets.resources.exe'
2021-08-31T06:33:01.6885389-07:00:[AssemblyCache] Could not resolve 'System.Diagnostics.Process.resources' in folder 'C:\Program Files\dotnet\shared\Microsoft.NETCore.App\3.1.18'
2021-08-31T06:33:01.6885845-07:00:[AssemblyCache] Could not resolve 'System.Net.Sockets.resources' in folder 'C:\Program Files\dotnet\shared\Microsoft.NETCore.App\3.1.18'
2021-08-31T06:33:01.6887464-07:00:[AssemblyCache] Could not resolve 'System.Net.Sockets.resources' in folder 'C:\Program Files\dotnet\shared\Microsoft.NETCore.App\3.1.18'
2021-08-31T06:33:01.6897227-07:00:[AssemblyCache] Trying to resolve 'System.Net.Sockets.resources' in folder 'C:\Program Files\dotnet\shared\Microsoft.WindowsDesktop.App\3.1.18'
2021-08-31T06:33:01.6897981-07:00:[AssemblyCache] Trying to resolve 'System.Net.Sockets.resources' to 'C:\Program Files\dotnet\shared\Microsoft.WindowsDesktop.App\3.1.18\System.Net.Sockets.resources.dll'
2021-08-31T06:33:01.6899089-07:00:[AssemblyCache] Trying to resolve 'System.Diagnostics.Process.resources' in folder 'C:\Program Files\dotnet\shared\Microsoft.WindowsDesktop.App\3.1.18'
2021-08-31T06:33:01.6899215-07:00:[AssemblyCache] Trying to resolve 'System.Net.Sockets.resources' in folder 'C:\Program Files\dotnet\shared\Microsoft.WindowsDesktop.App\3.1.18'
2021-08-31T06:33:01.6899347-07:00:[AssemblyCache] Trying to resolve 'System.Diagnostics.Process.resources' to 'C:\Program Files\dotnet\shared\Microsoft.WindowsDesktop.App\3.1.18\System.Diagnostics.Process.resources.dll'
2021-08-31T06:33:01.6899723-07:00:[AssemblyCache] Trying to resolve 'System.Net.Sockets.resources' to 'C:\Program Files\dotnet\shared\Microsoft.WindowsDesktop.App\3.1.18\System.Net.Sockets.resources.dll'
2021-08-31T06:33:01.6899910-07:00:[AssemblyCache] Trying to resolve 'System.Net.Sockets.resources' in folder 'C:\Program Files\dotnet\shared\Microsoft.WindowsDesktop.App\3.1.18'
2021-08-31T06:33:01.6900192-07:00:[AssemblyCache] Trying to resolve 'System.Net.Sockets.resources' to 'C:\Program Files\dotnet\shared\Microsoft.WindowsDesktop.App\3.1.18\System.Net.Sockets.resources.dll'
2021-08-31T06:33:01.6901171-07:00:[AssemblyCache] Trying to resolve 'System.Net.Sockets.resources' to 'C:\Program Files\dotnet\shared\Microsoft.WindowsDesktop.App\3.1.18\System.Net.Sockets.resources.exe'
2021-08-31T06:33:01.6902056-07:00:[AssemblyCache] Trying to resolve 'System.Diagnostics.Process.resources' to 'C:\Program Files\dotnet\shared\Microsoft.WindowsDesktop.App\3.1.18\System.Diagnostics.Process.resources.exe'
2021-08-31T06:33:01.6902056-07:00:[AssemblyCache] Trying to resolve 'System.Net.Sockets.resources' to 'C:\Program Files\dotnet\shared\Microsoft.WindowsDesktop.App\3.1.18\System.Net.Sockets.resources.exe'
2021-08-31T06:33:01.6903178-07:00:[AssemblyCache] Trying to resolve 'System.Net.Sockets.resources' to 'C:\Program Files\dotnet\shared\Microsoft.WindowsDesktop.App\3.1.18\System.Net.Sockets.resources.exe'
2021-08-31T06:33:01.6903598-07:00:[AssemblyCache] Could not resolve 'System.Net.Sockets.resources' in folder 'C:\Program Files\dotnet\shared\Microsoft.WindowsDesktop.App\3.1.18'
2021-08-31T06:33:01.6904329-07:00:[AssemblyCache] Could not resolve 'System.Net.Sockets.resources' in folder 'C:\Program Files\dotnet\shared\Microsoft.WindowsDesktop.App\3.1.18'
2021-08-31T06:33:01.6904331-07:00:[AssemblyCache] Could not resolve 'System.Diagnostics.Process.resources' in folder 'C:\Program Files\dotnet\shared\Microsoft.WindowsDesktop.App\3.1.18'
2021-08-31T06:33:01.6906331-07:00:[AssemblyCache] Could not resolve 'System.Net.Sockets.resources' in folder 'C:\Program Files\dotnet\shared\Microsoft.WindowsDesktop.App\3.1.18'
2021-08-31T06:33:01.6953041-07:00:Assembly resolving System.Diagnostics.Process.resources, Version=4.2.2.0, Culture=en, PublicKeyToken=b03f5f7f11d50a3a
2021-08-31T06:33:01.6957490-07:00:Assembly resolving System.Net.Sockets.resources, Version=4.2.2.0, Culture=en, PublicKeyToken=b03f5f7f11d50a3a
2021-08-31T06:33:01.6959568-07:00:Assembly resolving System.Net.Sockets.resources, Version=4.2.2.0, Culture=en, PublicKeyToken=b03f5f7f11d50a3a
2021-08-31T06:33:01.6960620-07:00:Assembly resolving System.Net.Sockets.resources, Version=4.2.2.0, Culture=en, PublicKeyToken=b03f5f7f11d50a3a
2021-08-31T06:33:02.3332795-07:00:RPC Server disconnected, because 'StreamError'. 
LastMessage: 
Description:Reading JSON RPC from the stream failed with IOException: Unable to read data from the transport connection: An existing connection was forcibly closed by the remote host..
Exception:System.IO.IOException: Unable to read data from the transport connection: An existing connection was forcibly closed by the remote host..
 ---> System.Net.Sockets.SocketException (10054): An existing connection was forcibly closed by the remote host.
   --- End of inner exception stack trace ---
   at System.Net.Sockets.Socket.AwaitableSocketAsyncEventArgs.ThrowException(SocketError error, CancellationToken cancellationToken)
   at System.Net.Sockets.Socket.AwaitableSocketAsyncEventArgs.GetResult(Int16 token)
   at System.Threading.Tasks.ValueTask`1.ValueTaskSourceAsTask.<>c.<.cctor>b__4_0(Object state)
--- End of stack trace from previous location where exception was thrown ---
   at StreamJsonRpc.ReadBufferingStream.FillBufferAsync(CancellationToken cancellationToken)
   at StreamJsonRpc.HeaderDelimitedMessageHandler.ReadCoreAsync(CancellationToken cancellationToken)
   at StreamJsonRpc.DelimitedMessageHandler.ReadAsync(CancellationToken cancellationToken)
   at StreamJsonRpc.JsonRpc.ReadAndHandleRequestsAsync()
2021-08-31T06:33:02.3332969-07:00:RPC Client disconnected, because 'StreamError'. 
LastMessage: 
Description:Reading JSON RPC from the stream failed with IOException: Unable to read data from the transport connection: An existing connection was forcibly closed by the remote host..
Exception:System.IO.IOException: Unable to read data from the transport connection: An existing connection was forcibly closed by the remote host..
 ---> System.Net.Sockets.SocketException (10054): An existing connection was forcibly closed by the remote host.
   --- End of inner exception stack trace ---
   at System.Net.Sockets.Socket.AwaitableSocketAsyncEventArgs.ThrowException(SocketError error, CancellationToken cancellationToken)
   at System.Net.Sockets.Socket.AwaitableSocketAsyncEventArgs.GetResult(Int16 token)
   at System.Threading.Tasks.ValueTask`1.ValueTaskSourceAsTask.<>c.<.cctor>b__4_0(Object state)
--- End of stack trace from previous location where exception was thrown ---
   at StreamJsonRpc.ReadBufferingStream.FillBufferAsync(CancellationToken cancellationToken)
   at StreamJsonRpc.HeaderDelimitedMessageHandler.ReadCoreAsync(CancellationToken cancellationToken)
   at StreamJsonRpc.DelimitedMessageHandler.ReadAsync(CancellationToken cancellationToken)
   at StreamJsonRpc.JsonRpc.ReadAndHandleRequestsAsync()
2021-08-31T06:33:02.3332725-07:00:RPC Server disconnected, because 'StreamError'. 
LastMessage: 
Description:Reading JSON RPC from the stream failed with IOException: Unable to read data from the transport connection: An existing connection was forcibly closed by the remote host..
Exception:System.IO.IOException: Unable to read data from the transport connection: An existing connection was forcibly closed by the remote host..
 ---> System.Net.Sockets.SocketException (10054): An existing connection was forcibly closed by the remote host.
   --- End of inner exception stack trace ---
   at System.Net.Sockets.Socket.AwaitableSocketAsyncEventArgs.ThrowException(SocketError error, CancellationToken cancellationToken)
   at System.Net.Sockets.Socket.AwaitableSocketAsyncEventArgs.GetResult(Int16 token)
   at System.Threading.Tasks.ValueTask`1.ValueTaskSourceAsTask.<>c.<.cctor>b__4_0(Object state)
--- End of stack trace from previous location where exception was thrown ---
   at StreamJsonRpc.ReadBufferingStream.FillBufferAsync(CancellationToken cancellationToken)
   at StreamJsonRpc.HeaderDelimitedMessageHandler.ReadCoreAsync(CancellationToken cancellationToken)
   at StreamJsonRpc.DelimitedMessageHandler.ReadAsync(CancellationToken cancellationToken)
   at StreamJsonRpc.JsonRpc.ReadAndHandleRequestsAsync()
2021-08-31T06:33:02.3727607-07:00:test thread #0 error: System.Threading.Tasks.TaskCanceledException: A task was canceled.
   at StreamJsonRpc.JsonRpc.InvokeCoreAsync[TResult](Nullable`1 id, String targetName, IReadOnlyList`1 arguments, CancellationToken cancellationToken, Boolean isParameterObject)
   at TechTalk.SpecFlow.Plus.RPC.TcpRpcClient.Invoke[T](String methodName, Object[] parameters)
   at TechTalk.SpecFlow.Plus.RPC.AsyncHelper.RunSync[TResult](Func`1 func)
   at TechTalk.SpecRun.Framework.Execution.OutOfProc.StreamJsonRPC.OutOfProcessTestAssemblyExecutorClient.RunTests(TestThreadState testThreadState)
   at TechTalk.SpecRun.Framework.Execution.OutOfProc.StreamJsonRPC.RemoteExecutor.RunTests(TestThreadState testThreadState)
   at TechTalk.SpecRun.Framework.Execution.OutOfProc.StreamJsonRPC.OutOfProcessTestAssemblyExecutorHost.RunTests(TestThreadState testThreadState)
   at TechTalk.SpecRun.Framework.TestThread.RunNonEmptyTestSuite(CancellationToken cancellationToken, TestThreadState testThreadState)
   at TechTalk.SpecRun.Framework.TestThread.Run(ITestExecutionManager executionManagerForRun, CancellationToken cancellationToken)
   at TechTalk.SpecRun.Framework.AsyncTestThreadRunner.RunSync(TestExecutionManager executionManager, CancellationToken cancellationToken)
2021-08-31T06:33:02.3758575-07:00:test thread error: TechTalk.SpecRun.Framework.SpecRunException: At least one test thread aborted.
 ---> System.Threading.Tasks.TaskCanceledException: A task was canceled.
   at StreamJsonRpc.JsonRpc.InvokeCoreAsync[TResult](Nullable`1 id, String targetName, IReadOnlyList`1 arguments, CancellationToken cancellationToken, Boolean isParameterObject)
   at TechTalk.SpecFlow.Plus.RPC.TcpRpcClient.Invoke[T](String methodName, Object[] parameters)
   at TechTalk.SpecFlow.Plus.RPC.AsyncHelper.RunSync[TResult](Func`1 func)
   at TechTalk.SpecRun.Framework.Execution.OutOfProc.StreamJsonRPC.OutOfProcessTestAssemblyExecutorClient.RunTests(TestThreadState testThreadState)
   at TechTalk.SpecRun.Framework.Execution.OutOfProc.StreamJsonRPC.RemoteExecutor.RunTests(TestThreadState testThreadState)
   at TechTalk.SpecRun.Framework.Execution.OutOfProc.StreamJsonRPC.OutOfProcessTestAssemblyExecutorHost.RunTests(TestThreadState testThreadState)
   at TechTalk.SpecRun.Framework.TestThread.RunNonEmptyTestSuite(CancellationToken cancellationToken, TestThreadState testThreadState)
   at TechTalk.SpecRun.Framework.TestThread.Run(ITestExecutionManager executionManagerForRun, CancellationToken cancellationToken)
   at TechTalk.SpecRun.Framework.AsyncTestThreadRunner.RunSync(TestExecutionManager executionManager, CancellationToken cancellationToken)
   --- End of inner exception stack trace ---
2021-08-31T06:33:02.3932139-07:00:Thread#-1:Scheduler: get next test for thread -1
2021-08-31T06:33:02.3933528-07:00:Thread#:Scheduler: at the end of normal test queue
2021-08-31T06:33:02.3933656-07:00:Thread#-1:Scheduler: enumerator for thread is at end
2021-08-31T06:33:02.4047536-07:00;Thread#15;Info;test run finished
2021-08-31T06:33:02.4055530-07:00;Thread#15;Info;publishing test results
2021-08-31T06:33:02.4059324-07:00;Thread#15;Info;Not publishing results.
2021-08-31T06:33:02.4061273-07:00;Thread#15;Info;test results published
2021-08-31T06:33:02.4063770-07:00;Thread#15;Info;generating reports
2021-08-31T06:33:02.6655903-07:00;Thread#15;Info;Starting external report generation process
2021-08-31T06:33:21.0610139-07:00;Thread#15;Info;Successfully generated reports.
2021-08-31T06:33:21.0638836-07:00;Thread#15;Info;Successfully generated reports
2021-08-31T06:33:21.0822622-07:00:Total: 1 (test executions: 0)
2021-08-31T06:33:21.0851796-07:00:Succeeded: 0
2021-08-31T06:33:21.0856329-07:00:Ignored: 0
2021-08-31T06:33:21.0860068-07:00:Pending: 0
2021-08-31T06:33:21.0860192-07:00:Skipped: 0
2021-08-31T06:33:21.0864026-07:00:Failed: 0
2021-08-31T06:33:21.1145721-07:00;VSTestExecutionThread;Info;Adding attachments to VSTest
2021-08-31T06:33:21.1147181-07:00;VSTestExecutionThread;Info;adding Test Execution Report 'C:\Users\Yash\Documents\Projects\SeleniumSpecFlow\SeleniumSpecFlow\TestResults\Unnamed project__2021-08-31T063105.html'
========== End of log file ==========
